{"/home/travis/build/npmtest/node-npmtest-grunt-s3/test.js":{"path":"/home/travis/build/npmtest/node-npmtest-grunt-s3/test.js","s":{"1":2,"2":2,"3":2,"4":2,"5":2,"6":2,"7":2,"8":1,"9":2,"10":2,"11":1,"12":1,"13":1,"14":1,"15":2,"16":2,"17":2,"18":2,"19":1,"20":1,"21":2,"22":2,"23":2,"24":1,"25":1,"26":1,"27":1,"28":1,"29":1,"30":1,"31":1,"32":1,"33":1,"34":1,"35":1,"36":1,"37":1,"38":1,"39":2,"40":2,"41":1,"42":2,"43":2,"44":1,"45":2,"46":2,"47":1,"48":2,"49":2,"50":1,"51":1,"52":1,"53":1,"54":1},"b":{"1":[2,1,1,1],"2":[1,1,1,1],"3":[1,1],"4":[1,1],"5":[1,1],"6":[1,1],"7":[1,1],"8":[1,1],"9":[1,1],"10":[1,1,1],"11":[1,1],"12":[1,1],"13":[1,1],"14":[1,1],"15":[1,1],"16":[1,1],"17":[1,1]},"f":{"1":2,"2":2,"3":2,"4":2,"5":2,"6":1,"7":1,"8":1,"9":2,"10":2,"11":2,"12":2,"13":1},"fnMap":{"1":{"name":"(anonymous_1)","line":12,"loc":{"start":{"line":12,"column":1},"end":{"line":12,"column":13}}},"2":{"name":"(anonymous_2)","line":19,"loc":{"start":{"line":19,"column":5},"end":{"line":19,"column":17}}},"3":{"name":"(anonymous_3)","line":23,"loc":{"start":{"line":23,"column":24},"end":{"line":23,"column":36}}},"4":{"name":"(anonymous_4)","line":61,"loc":{"start":{"line":61,"column":5},"end":{"line":61,"column":17}}},"5":{"name":"(anonymous_5)","line":82,"loc":{"start":{"line":82,"column":5},"end":{"line":82,"column":17}}},"6":{"name":"(anonymous_6)","line":91,"loc":{"start":{"line":91,"column":77},"end":{"line":94,"column":10}}},"7":{"name":"(anonymous_7)","line":112,"loc":{"start":{"line":112,"column":83},"end":{"line":115,"column":10}},"skip":true},"8":{"name":"(anonymous_8)","line":123,"loc":{"start":{"line":123,"column":77},"end":{"line":126,"column":10}},"skip":true},"9":{"name":"(anonymous_9)","line":139,"loc":{"start":{"line":139,"column":12},"end":{"line":139,"column":40}},"skip":true},"10":{"name":"(anonymous_10)","line":147,"loc":{"start":{"line":147,"column":77},"end":{"line":150,"column":10}},"skip":true},"11":{"name":"(anonymous_11)","line":158,"loc":{"start":{"line":158,"column":83},"end":{"line":161,"column":10}},"skip":true},"12":{"name":"(anonymous_12)","line":169,"loc":{"start":{"line":169,"column":79},"end":{"line":172,"column":10}},"skip":true},"13":{"name":"(anonymous_13)","line":180,"loc":{"start":{"line":180,"column":75},"end":{"line":183,"column":10}},"skip":true}},"statementMap":{"1":{"start":{"line":12,"column":0},"end":{"line":195,"column":5}},"2":{"start":{"line":14,"column":4},"end":{"line":14,"column":14}},"3":{"start":{"line":19,"column":4},"end":{"line":56,"column":9}},"4":{"start":{"line":21,"column":8},"end":{"line":21,"column":19}},"5":{"start":{"line":23,"column":8},"end":{"line":35,"column":13}},"6":{"start":{"line":24,"column":12},"end":{"line":34,"column":13}},"7":{"start":{"line":25,"column":16},"end":{"line":28,"column":30}},"8":{"start":{"line":30,"column":16},"end":{"line":33,"column":27}},"9":{"start":{"line":37,"column":8},"end":{"line":39,"column":21}},"10":{"start":{"line":40,"column":8},"end":{"line":53,"column":9}},"11":{"start":{"line":43,"column":12},"end":{"line":46,"column":14}},"12":{"start":{"line":47,"column":12},"end":{"line":47,"column":18}},"13":{"start":{"line":50,"column":12},"end":{"line":51,"column":46}},"14":{"start":{"line":52,"column":12},"end":{"line":52,"column":18}},"15":{"start":{"line":55,"column":8},"end":{"line":55,"column":35}},"16":{"start":{"line":61,"column":4},"end":{"line":63,"column":9}},"17":{"start":{"line":62,"column":8},"end":{"line":62,"column":15}},"18":{"start":{"line":64,"column":4},"end":{"line":77,"column":5}},"19":{"start":{"line":70,"column":8},"end":{"line":70,"column":14}},"20":{"start":{"line":76,"column":8},"end":{"line":76,"column":14}},"21":{"start":{"line":82,"column":4},"end":{"line":84,"column":9}},"22":{"start":{"line":83,"column":8},"end":{"line":83,"column":15}},"23":{"start":{"line":85,"column":4},"end":{"line":194,"column":5}},"24":{"start":{"line":91,"column":8},"end":{"line":99,"column":10}},"25":{"start":{"line":98,"column":12},"end":{"line":98,"column":35}},"26":{"start":{"line":102,"column":8},"end":{"line":104,"column":63}},"27":{"start":{"line":105,"column":8},"end":{"line":105,"column":14}},"28":{"start":{"line":112,"column":8},"end":{"line":121,"column":10},"skip":true},"29":{"start":{"line":119,"column":12},"end":{"line":119,"column":55},"skip":true},"30":{"start":{"line":120,"column":12},"end":{"line":120,"column":48},"skip":true},"31":{"start":{"line":123,"column":8},"end":{"line":136,"column":10},"skip":true},"32":{"start":{"line":130,"column":12},"end":{"line":130,"column":76},"skip":true},"33":{"start":{"line":131,"column":12},"end":{"line":131,"column":73},"skip":true},"34":{"start":{"line":132,"column":12},"end":{"line":132,"column":74},"skip":true},"35":{"start":{"line":133,"column":12},"end":{"line":133,"column":79},"skip":true},"36":{"start":{"line":134,"column":12},"end":{"line":134,"column":25},"skip":true},"37":{"start":{"line":135,"column":12},"end":{"line":135,"column":45},"skip":true},"38":{"start":{"line":138,"column":8},"end":{"line":145,"column":14},"skip":true},"39":{"start":{"line":143,"column":16},"end":{"line":143,"column":29},"skip":true},"40":{"start":{"line":144,"column":16},"end":{"line":144,"column":55},"skip":true},"41":{"start":{"line":147,"column":8},"end":{"line":156,"column":10},"skip":true},"42":{"start":{"line":154,"column":12},"end":{"line":154,"column":25},"skip":true},"43":{"start":{"line":155,"column":12},"end":{"line":155,"column":45},"skip":true},"44":{"start":{"line":158,"column":8},"end":{"line":167,"column":10},"skip":true},"45":{"start":{"line":165,"column":12},"end":{"line":165,"column":25},"skip":true},"46":{"start":{"line":166,"column":12},"end":{"line":166,"column":48},"skip":true},"47":{"start":{"line":169,"column":8},"end":{"line":178,"column":10},"skip":true},"48":{"start":{"line":176,"column":12},"end":{"line":176,"column":25},"skip":true},"49":{"start":{"line":177,"column":12},"end":{"line":177,"column":46},"skip":true},"50":{"start":{"line":180,"column":8},"end":{"line":189,"column":10},"skip":true},"51":{"start":{"line":187,"column":12},"end":{"line":187,"column":94},"skip":true},"52":{"start":{"line":188,"column":12},"end":{"line":188,"column":48},"skip":true},"53":{"start":{"line":192,"column":8},"end":{"line":192,"column":35},"skip":true},"54":{"start":{"line":193,"column":8},"end":{"line":193,"column":14},"skip":true}},"branchMap":{"1":{"line":25,"type":"binary-expr","locations":[{"start":{"line":25,"column":23},"end":{"line":25,"column":62}},{"start":{"line":26,"column":20},"end":{"line":26,"column":70}},{"start":{"line":27,"column":20},"end":{"line":27,"column":71}},{"start":{"line":28,"column":20},"end":{"line":28,"column":29}}]},"2":{"line":30,"type":"binary-expr","locations":[{"start":{"line":30,"column":23},"end":{"line":30,"column":37}},{"start":{"line":31,"column":20},"end":{"line":31,"column":61}},{"start":{"line":32,"column":20},"end":{"line":32,"column":70}},{"start":{"line":33,"column":20},"end":{"line":33,"column":26}}]},"3":{"line":37,"type":"cond-expr","locations":[{"start":{"line":38,"column":14},"end":{"line":38,"column":20}},{"start":{"line":39,"column":14},"end":{"line":39,"column":20}}]},"4":{"line":40,"type":"switch","locations":[{"start":{"line":42,"column":8},"end":{"line":47,"column":18}},{"start":{"line":49,"column":8},"end":{"line":52,"column":18}}]},"5":{"line":44,"type":"binary-expr","locations":[{"start":{"line":44,"column":16},"end":{"line":44,"column":44}},{"start":{"line":44,"column":48},"end":{"line":44,"column":66}}]},"6":{"line":50,"type":"binary-expr","locations":[{"start":{"line":50,"column":21},"end":{"line":50,"column":49}},{"start":{"line":50,"column":53},"end":{"line":50,"column":72}}]},"7":{"line":64,"type":"switch","locations":[{"start":{"line":69,"column":4},"end":{"line":70,"column":14}},{"start":{"line":75,"column":4},"end":{"line":76,"column":14}}]},"8":{"line":85,"type":"switch","locations":[{"start":{"line":90,"column":4},"end":{"line":105,"column":14}},{"start":{"line":111,"column":4},"end":{"line":193,"column":14},"skip":true}]},"9":{"line":91,"type":"binary-expr","locations":[{"start":{"line":91,"column":42},"end":{"line":91,"column":73}},{"start":{"line":91,"column":77},"end":{"line":99,"column":9}}]},"10":{"line":102,"type":"binary-expr","locations":[{"start":{"line":102,"column":18},"end":{"line":102,"column":32}},{"start":{"line":103,"column":12},"end":{"line":103,"column":53}},{"start":{"line":104,"column":12},"end":{"line":104,"column":61}}]},"11":{"line":112,"type":"binary-expr","locations":[{"start":{"line":112,"column":45},"end":{"line":112,"column":79},"skip":true},{"start":{"line":112,"column":83},"end":{"line":121,"column":9},"skip":true}]},"12":{"line":123,"type":"binary-expr","locations":[{"start":{"line":123,"column":42},"end":{"line":123,"column":73},"skip":true},{"start":{"line":123,"column":77},"end":{"line":136,"column":9},"skip":true}]},"13":{"line":138,"type":"binary-expr","locations":[{"start":{"line":138,"column":48},"end":{"line":138,"column":85},"skip":true},{"start":{"line":139,"column":12},"end":{"line":145,"column":13},"skip":true}]},"14":{"line":147,"type":"binary-expr","locations":[{"start":{"line":147,"column":42},"end":{"line":147,"column":73},"skip":true},{"start":{"line":147,"column":77},"end":{"line":156,"column":9},"skip":true}]},"15":{"line":158,"type":"binary-expr","locations":[{"start":{"line":158,"column":45},"end":{"line":158,"column":79},"skip":true},{"start":{"line":158,"column":83},"end":{"line":167,"column":9},"skip":true}]},"16":{"line":169,"type":"binary-expr","locations":[{"start":{"line":169,"column":43},"end":{"line":169,"column":75},"skip":true},{"start":{"line":169,"column":79},"end":{"line":178,"column":9},"skip":true}]},"17":{"line":180,"type":"binary-expr","locations":[{"start":{"line":180,"column":41},"end":{"line":180,"column":71},"skip":true},{"start":{"line":180,"column":75},"end":{"line":189,"column":9},"skip":true}]}},"code":["/* istanbul instrument in package npmtest_grunt_s3 */","/*jslint","    bitwise: true,","    browser: true,","    maxerr: 8,","    maxlen: 96,","    node: true,","    nomen: true,","    regexp: true,","    stupid: true","*/","(function () {","    'use strict';","    var local;","","","","    // run shared js-env code - pre-init","    (function () {","        // init local","        local = {};","        // init modeJs","        local.modeJs = (function () {","            try {","                return typeof navigator.userAgent === 'string' &&","                    typeof document.querySelector('body') === 'object' &&","                    typeof XMLHttpRequest.prototype.open === 'function' &&","                    'browser';","            } catch (errorCaughtBrowser) {","                return module.exports &&","                    typeof process.versions.node === 'string' &&","                    typeof require('http').createServer === 'function' &&","                    'node';","            }","        }());","        // init global","        local.global = local.modeJs === 'browser'","            ? window","            : global;","        switch (local.modeJs) {","        // re-init local from window.local","        case 'browser':","            local = local.global.utility2.objectSetDefault(","                local.global.utility2_rollup || local.global.local,","                local.global.utility2","            );","            break;","        // re-init local from example.js","        case 'node':","            local = (local.global.utility2_rollup || require('utility2'))","                .requireExampleJsFromReadme();","            break;","        }","        // export local","        local.global.local = local;","    }());","","","","    // run shared js-env code - function","    (function () {","        return;","    }());","    switch (local.modeJs) {","","","","    // run browser js-env code - function","    case 'browser':","        break;","","","","    // run node js-env code - function","    case 'node':","        break;","    }","","","","    // run shared js-env code - post-init","    (function () {","        return;","    }());","    switch (local.modeJs) {","","","","    // run browser js-env code - post-init","    case 'browser':","        local.testCase_browser_nullCase = local.testCase_browser_nullCase || function (","            options,","            onError","        ) {","        /*","         * this function will test browsers's null-case handling-behavior-behavior","         */","            onError(null, options);","        };","","        // run tests","        local.nop(local.modeTest &&","            document.querySelector('#testRunButton1') &&","            document.querySelector('#testRunButton1').click());","        break;","","","","    // run node js-env code - post-init","    /* istanbul ignore next */","    case 'node':","        local.testCase_buildApidoc_default = local.testCase_buildApidoc_default || function (","            options,","            onError","        ) {","        /*","         * this function will test buildApidoc's default handling-behavior-behavior","         */","            options = { modulePathList: module.paths };","            local.buildApidoc(options, onError);","        };","","        local.testCase_buildApp_default = local.testCase_buildApp_default || function (","            options,","            onError","        ) {","        /*","         * this function will test buildApp's default handling-behavior-behavior","         */","            local.testCase_buildReadme_default(options, local.onErrorThrow);","            local.testCase_buildLib_default(options, local.onErrorThrow);","            local.testCase_buildTest_default(options, local.onErrorThrow);","            local.testCase_buildCustomOrg_default(options, local.onErrorThrow);","            options = [];","            local.buildApp(options, onError);","        };","","        local.testCase_buildCustomOrg_default = local.testCase_buildCustomOrg_default ||","            function (options, onError) {","            /*","             * this function will test buildCustomOrg's default handling-behavior","             */","                options = {};","                local.buildCustomOrg(options, onError);","            };","","        local.testCase_buildLib_default = local.testCase_buildLib_default || function (","            options,","            onError","        ) {","        /*","         * this function will test buildLib's default handling-behavior","         */","            options = {};","            local.buildLib(options, onError);","        };","","        local.testCase_buildReadme_default = local.testCase_buildReadme_default || function (","            options,","            onError","        ) {","        /*","         * this function will test buildReadme's default handling-behavior-behavior","         */","            options = {};","            local.buildReadme(options, onError);","        };","","        local.testCase_buildTest_default = local.testCase_buildTest_default || function (","            options,","            onError","        ) {","        /*","         * this function will test buildTest's default handling-behavior","         */","            options = {};","            local.buildTest(options, onError);","        };","","        local.testCase_webpage_default = local.testCase_webpage_default || function (","            options,","            onError","        ) {","        /*","         * this function will test webpage's default handling-behavior","         */","            options = { modeCoverageMerge: true, url: local.serverLocalHost + '?modeTest=1' };","            local.browserTest(options, onError);","        };","","        // run test-server","        local.testRunServer(local);","        break;","    }","}());",""],"l":{"12":2,"14":2,"19":2,"21":2,"23":2,"24":2,"25":2,"30":1,"37":2,"40":2,"43":1,"47":1,"50":1,"52":1,"55":2,"61":2,"62":2,"64":2,"70":1,"76":1,"82":2,"83":2,"85":2,"91":1,"98":1,"102":1,"105":1,"112":1,"119":1,"120":1,"123":1,"130":1,"131":1,"132":1,"133":1,"134":1,"135":1,"138":1,"143":2,"144":2,"147":1,"154":2,"155":2,"158":1,"165":2,"166":2,"169":1,"176":2,"177":2,"180":1,"187":1,"188":1,"192":1,"193":1}},"/home/travis/build/npmtest/node-npmtest-grunt-s3/lib.npmtest_grunt_s3.js":{"path":"/home/travis/build/npmtest/node-npmtest-grunt-s3/lib.npmtest_grunt_s3.js","s":{"1":2,"2":2,"3":2,"4":2,"5":2,"6":2,"7":2,"8":1,"9":2,"10":2,"11":2,"12":2,"13":1,"14":1,"15":1,"16":1},"b":{"1":[2,1,1,1],"2":[1,1,1,1],"3":[1,1],"4":[2,2],"5":[1,1]},"f":{"1":2,"2":2,"3":2},"fnMap":{"1":{"name":"(anonymous_1)","line":12,"loc":{"start":{"line":12,"column":1},"end":{"line":12,"column":13}}},"2":{"name":"(anonymous_2)","line":19,"loc":{"start":{"line":19,"column":5},"end":{"line":19,"column":17}}},"3":{"name":"(anonymous_3)","line":23,"loc":{"start":{"line":23,"column":24},"end":{"line":23,"column":36}}}},"statementMap":{"1":{"start":{"line":12,"column":0},"end":{"line":53,"column":5}},"2":{"start":{"line":14,"column":4},"end":{"line":14,"column":14}},"3":{"start":{"line":19,"column":4},"end":{"line":52,"column":9}},"4":{"start":{"line":21,"column":8},"end":{"line":21,"column":19}},"5":{"start":{"line":23,"column":8},"end":{"line":35,"column":13}},"6":{"start":{"line":24,"column":12},"end":{"line":34,"column":13}},"7":{"start":{"line":25,"column":16},"end":{"line":28,"column":30}},"8":{"start":{"line":30,"column":16},"end":{"line":33,"column":27}},"9":{"start":{"line":37,"column":8},"end":{"line":39,"column":21}},"10":{"start":{"line":41,"column":8},"end":{"line":41,"column":54}},"11":{"start":{"line":43,"column":8},"end":{"line":43,"column":53}},"12":{"start":{"line":45,"column":8},"end":{"line":51,"column":9}},"13":{"start":{"line":46,"column":12},"end":{"line":46,"column":59}},"14":{"start":{"line":48,"column":12},"end":{"line":48,"column":35}},"15":{"start":{"line":49,"column":12},"end":{"line":49,"column":49}},"16":{"start":{"line":50,"column":12},"end":{"line":50,"column":43}}},"branchMap":{"1":{"line":25,"type":"binary-expr","locations":[{"start":{"line":25,"column":23},"end":{"line":25,"column":62}},{"start":{"line":26,"column":20},"end":{"line":26,"column":70}},{"start":{"line":27,"column":20},"end":{"line":27,"column":71}},{"start":{"line":28,"column":20},"end":{"line":28,"column":29}}]},"2":{"line":30,"type":"binary-expr","locations":[{"start":{"line":30,"column":23},"end":{"line":30,"column":37}},{"start":{"line":31,"column":20},"end":{"line":31,"column":61}},{"start":{"line":32,"column":20},"end":{"line":32,"column":70}},{"start":{"line":33,"column":20},"end":{"line":33,"column":26}}]},"3":{"line":37,"type":"cond-expr","locations":[{"start":{"line":38,"column":14},"end":{"line":38,"column":20}},{"start":{"line":39,"column":14},"end":{"line":39,"column":20}}]},"4":{"line":41,"type":"binary-expr","locations":[{"start":{"line":41,"column":16},"end":{"line":41,"column":44}},{"start":{"line":41,"column":48},"end":{"line":41,"column":53}}]},"5":{"line":45,"type":"if","locations":[{"start":{"line":45,"column":8},"end":{"line":45,"column":8}},{"start":{"line":45,"column":8},"end":{"line":45,"column":8}}]}},"code":["/* istanbul instrument in package npmtest_grunt_s3 */","/*jslint","    bitwise: true,","    browser: true,","    maxerr: 8,","    maxlen: 96,","    node: true,","    nomen: true,","    regexp: true,","    stupid: true","*/","(function () {","    'use strict';","    var local;","","","","    // run shared js-env code - pre-init","    (function () {","        // init local","        local = {};","        // init modeJs","        local.modeJs = (function () {","            try {","                return typeof navigator.userAgent === 'string' &&","                    typeof document.querySelector('body') === 'object' &&","                    typeof XMLHttpRequest.prototype.open === 'function' &&","                    'browser';","            } catch (errorCaughtBrowser) {","                return module.exports &&","                    typeof process.versions.node === 'string' &&","                    typeof require('http').createServer === 'function' &&","                    'node';","            }","        }());","        // init global","        local.global = local.modeJs === 'browser'","            ? window","            : global;","        // init utility2_rollup","        local = local.global.utility2_rollup || local;","        // init lib","        local.local = local.npmtest_grunt_s3 = local;","        // init exports","        if (local.modeJs === 'browser') {","            local.global.utility2_npmtest_grunt_s3 = local;","        } else {","            module.exports = local;","            module.exports.__dirname = __dirname;","            module.exports.module = module;","        }","    }());","}());",""],"l":{"12":2,"14":2,"19":2,"21":2,"23":2,"24":2,"25":2,"30":1,"37":2,"41":2,"43":2,"45":2,"46":1,"48":1,"49":1,"50":1}},"/home/travis/build/npmtest/node-npmtest-grunt-s3/example.js":{"path":"/home/travis/build/npmtest/node-npmtest-grunt-s3/example.js","s":{"1":2,"2":2,"3":2,"4":2,"5":2,"6":2,"7":2,"8":1,"9":2,"10":2,"11":2,"12":2,"13":1,"14":2,"15":2,"16":2,"17":2,"18":2,"19":0,"20":2,"21":1,"22":1,"23":1,"24":1,"25":1,"26":0,"27":0,"28":1,"29":1,"30":2,"31":0,"32":0,"33":0,"34":1,"35":2,"36":2,"37":3,"38":3,"39":3,"40":3,"41":0,"42":3,"43":3,"44":3,"45":1,"46":3,"47":1,"48":1,"49":1,"50":1,"51":1,"52":1,"53":1,"54":1,"55":1,"56":1,"57":0,"58":1,"59":6,"60":6,"61":1,"62":2,"63":0,"64":2,"65":1,"66":1,"67":0,"68":0,"69":0,"70":0,"71":0,"72":0,"73":0,"74":0,"75":0,"76":0,"77":0,"78":0,"79":0,"80":0,"81":0,"82":0,"83":0},"b":{"1":[2,1,1,1],"2":[1,1,1,1],"3":[1,1],"4":[2,2],"5":[1,1],"6":[1,1],"7":[2,0],"8":[2,1,1,1,1,1],"9":[0,2,0],"10":[1,1],"11":[2,1,1],"12":[1,0],"13":[0,2],"14":[2,0,0,0,0,0,0],"15":[0,3],"16":[3,0],"17":[1,1],"18":[0,1],"19":[1,2,0,2],"20":[1,0],"21":[1,1],"22":[0,0],"23":[0,0],"24":[0,0],"25":[0,0],"26":[0,0],"27":[0,0],"28":[0,0]},"f":{"1":2,"2":2,"3":2,"4":2,"5":2,"6":2,"7":3,"8":3,"9":3,"10":1,"11":6,"12":0},"fnMap":{"1":{"name":"(anonymous_1)","line":26,"loc":{"start":{"line":26,"column":1},"end":{"line":26,"column":13}}},"2":{"name":"(anonymous_2)","line":33,"loc":{"start":{"line":33,"column":5},"end":{"line":33,"column":17}}},"3":{"name":"(anonymous_3)","line":37,"loc":{"start":{"line":37,"column":24},"end":{"line":37,"column":36}}},"4":{"name":"(anonymous_4)","line":69,"loc":{"start":{"line":69,"column":31},"end":{"line":69,"column":48}},"skip":true},"5":{"name":"(anonymous_5)","line":78,"loc":{"start":{"line":78,"column":26},"end":{"line":78,"column":45}},"skip":true},"6":{"name":"(anonymous_6)","line":123,"loc":{"start":{"line":123,"column":33},"end":{"line":123,"column":48}},"skip":true},"7":{"name":"(anonymous_7)","line":125,"loc":{"start":{"line":125,"column":27},"end":{"line":125,"column":39}},"skip":true},"8":{"name":"(anonymous_8)","line":133,"loc":{"start":{"line":133,"column":59},"end":{"line":133,"column":74}},"skip":true},"9":{"name":"(anonymous_9)","line":143,"loc":{"start":{"line":143,"column":45},"end":{"line":143,"column":62}},"skip":true},"10":{"name":"(anonymous_10)","line":144,"loc":{"start":{"line":144,"column":73},"end":{"line":144,"column":92}},"skip":true},"11":{"name":"(anonymous_11)","line":272,"loc":{"start":{"line":272,"column":51},"end":{"line":272,"column":77}},"skip":true},"12":{"name":"(anonymous_12)","line":315,"loc":{"start":{"line":315,"column":32},"end":{"line":315,"column":61}},"skip":true}},"statementMap":{"1":{"start":{"line":26,"column":0},"end":{"line":326,"column":5}},"2":{"start":{"line":28,"column":4},"end":{"line":28,"column":14}},"3":{"start":{"line":33,"column":4},"end":{"line":60,"column":9}},"4":{"start":{"line":35,"column":8},"end":{"line":35,"column":19}},"5":{"start":{"line":37,"column":8},"end":{"line":49,"column":13}},"6":{"start":{"line":38,"column":12},"end":{"line":48,"column":13}},"7":{"start":{"line":39,"column":16},"end":{"line":42,"column":30}},"8":{"start":{"line":44,"column":16},"end":{"line":47,"column":27}},"9":{"start":{"line":51,"column":8},"end":{"line":53,"column":21}},"10":{"start":{"line":55,"column":8},"end":{"line":57,"column":45}},"11":{"start":{"line":59,"column":8},"end":{"line":59,"column":35}},"12":{"start":{"line":61,"column":4},"end":{"line":325,"column":5}},"13":{"start":{"line":69,"column":8},"end":{"line":121,"column":10},"skip":true},"14":{"start":{"line":70,"column":12},"end":{"line":88,"column":13},"skip":true},"15":{"start":{"line":76,"column":16},"end":{"line":87,"column":19},"skip":true},"16":{"start":{"line":79,"column":20},"end":{"line":86,"column":21},"skip":true},"17":{"start":{"line":82,"column":24},"end":{"line":82,"column":43},"skip":true},"18":{"start":{"line":83,"column":24},"end":{"line":83,"column":30},"skip":true},"19":{"start":{"line":85,"column":24},"end":{"line":85,"column":49},"skip":true},"20":{"start":{"line":89,"column":12},"end":{"line":107,"column":13},"skip":true},"21":{"start":{"line":92,"column":16},"end":{"line":102,"column":17},"skip":true},"22":{"start":{"line":93,"column":20},"end":{"line":93,"column":86},"skip":true},"23":{"start":{"line":94,"column":20},"end":{"line":95,"column":45},"skip":true},"24":{"start":{"line":96,"column":20},"end":{"line":96,"column":42},"skip":true},"25":{"start":{"line":97,"column":20},"end":{"line":97,"column":48},"skip":true},"26":{"start":{"line":100,"column":20},"end":{"line":100,"column":85},"skip":true},"27":{"start":{"line":101,"column":20},"end":{"line":101,"column":96},"skip":true},"28":{"start":{"line":103,"column":16},"end":{"line":103,"column":22},"skip":true},"29":{"start":{"line":106,"column":16},"end":{"line":106,"column":22},"skip":true},"30":{"start":{"line":108,"column":12},"end":{"line":120,"column":13},"skip":true},"31":{"start":{"line":114,"column":16},"end":{"line":119,"column":17},"skip":true},"32":{"start":{"line":116,"column":20},"end":{"line":116,"column":78},"skip":true},"33":{"start":{"line":118,"column":20},"end":{"line":118,"column":47},"skip":true},"34":{"start":{"line":123,"column":8},"end":{"line":141,"column":11},"skip":true},"35":{"start":{"line":124,"column":12},"end":{"line":124,"column":54},"skip":true},"36":{"start":{"line":125,"column":12},"end":{"line":140,"column":14},"skip":true},"37":{"start":{"line":126,"column":16},"end":{"line":126,"column":28},"skip":true},"38":{"start":{"line":127,"column":16},"end":{"line":127,"column":69},"skip":true},"39":{"start":{"line":128,"column":16},"end":{"line":128,"column":75},"skip":true},"40":{"start":{"line":129,"column":16},"end":{"line":131,"column":17},"skip":true},"41":{"start":{"line":130,"column":20},"end":{"line":130,"column":27},"skip":true},"42":{"start":{"line":133,"column":16},"end":{"line":137,"column":36},"skip":true},"43":{"start":{"line":134,"column":20},"end":{"line":136,"column":55},"skip":true},"44":{"start":{"line":139,"column":16},"end":{"line":139,"column":57},"skip":true},"45":{"start":{"line":143,"column":8},"end":{"line":147,"column":11},"skip":true},"46":{"start":{"line":144,"column":12},"end":{"line":146,"column":15},"skip":true},"47":{"start":{"line":145,"column":16},"end":{"line":145,"column":70},"skip":true},"48":{"start":{"line":149,"column":8},"end":{"line":149,"column":31},"skip":true},"49":{"start":{"line":150,"column":8},"end":{"line":150,"column":14},"skip":true},"50":{"start":{"line":158,"column":8},"end":{"line":158,"column":31},"skip":true},"51":{"start":{"line":160,"column":8},"end":{"line":160,"column":33},"skip":true},"52":{"start":{"line":161,"column":8},"end":{"line":161,"column":37},"skip":true},"53":{"start":{"line":162,"column":8},"end":{"line":162,"column":35},"skip":true},"54":{"start":{"line":164,"column":8},"end":{"line":164,"column":50},"skip":true},"55":{"start":{"line":166,"column":8},"end":{"line":256,"column":2},"skip":true},"56":{"start":{"line":258,"column":8},"end":{"line":286,"column":9},"skip":true},"57":{"start":{"line":259,"column":12},"end":{"line":269,"column":14},"skip":true},"58":{"start":{"line":271,"column":12},"end":{"line":285,"column":19},"skip":true},"59":{"start":{"line":274,"column":20},"end":{"line":274,"column":35},"skip":true},"60":{"start":{"line":275,"column":20},"end":{"line":284,"column":21},"skip":true},"61":{"start":{"line":277,"column":24},"end":{"line":277,"column":64},"skip":true},"62":{"start":{"line":279,"column":24},"end":{"line":279,"column":40},"skip":true},"63":{"start":{"line":281,"column":24},"end":{"line":281,"column":40},"skip":true},"64":{"start":{"line":283,"column":24},"end":{"line":283,"column":39},"skip":true},"65":{"start":{"line":288,"column":8},"end":{"line":290,"column":9},"skip":true},"66":{"start":{"line":289,"column":12},"end":{"line":289,"column":18},"skip":true},"67":{"start":{"line":291,"column":8},"end":{"line":293,"column":54},"skip":true},"68":{"start":{"line":296,"column":8},"end":{"line":301,"column":37},"skip":true},"69":{"start":{"line":303,"column":8},"end":{"line":303,"column":82},"skip":true},"70":{"start":{"line":306,"column":8},"end":{"line":308,"column":9},"skip":true},"71":{"start":{"line":307,"column":12},"end":{"line":307,"column":82},"skip":true},"72":{"start":{"line":310,"column":8},"end":{"line":312,"column":9},"skip":true},"73":{"start":{"line":311,"column":12},"end":{"line":311,"column":18},"skip":true},"74":{"start":{"line":313,"column":8},"end":{"line":313,"column":54},"skip":true},"75":{"start":{"line":314,"column":8},"end":{"line":314,"column":69},"skip":true},"76":{"start":{"line":315,"column":8},"end":{"line":323,"column":36},"skip":true},"77":{"start":{"line":316,"column":12},"end":{"line":316,"column":61},"skip":true},"78":{"start":{"line":317,"column":12},"end":{"line":320,"column":13},"skip":true},"79":{"start":{"line":318,"column":16},"end":{"line":318,"column":75},"skip":true},"80":{"start":{"line":319,"column":16},"end":{"line":319,"column":23},"skip":true},"81":{"start":{"line":321,"column":12},"end":{"line":321,"column":38},"skip":true},"82":{"start":{"line":322,"column":12},"end":{"line":322,"column":27},"skip":true},"83":{"start":{"line":324,"column":8},"end":{"line":324,"column":14},"skip":true}},"branchMap":{"1":{"line":39,"type":"binary-expr","locations":[{"start":{"line":39,"column":23},"end":{"line":39,"column":62}},{"start":{"line":40,"column":20},"end":{"line":40,"column":70}},{"start":{"line":41,"column":20},"end":{"line":41,"column":71}},{"start":{"line":42,"column":20},"end":{"line":42,"column":29}}]},"2":{"line":44,"type":"binary-expr","locations":[{"start":{"line":44,"column":23},"end":{"line":44,"column":37}},{"start":{"line":45,"column":20},"end":{"line":45,"column":61}},{"start":{"line":46,"column":20},"end":{"line":46,"column":70}},{"start":{"line":47,"column":20},"end":{"line":47,"column":26}}]},"3":{"line":51,"type":"cond-expr","locations":[{"start":{"line":52,"column":14},"end":{"line":52,"column":20}},{"start":{"line":53,"column":14},"end":{"line":53,"column":20}}]},"4":{"line":55,"type":"binary-expr","locations":[{"start":{"line":55,"column":16},"end":{"line":55,"column":44}},{"start":{"line":55,"column":49},"end":{"line":57,"column":43}}]},"5":{"line":55,"type":"cond-expr","locations":[{"start":{"line":56,"column":14},"end":{"line":56,"column":52}},{"start":{"line":57,"column":14},"end":{"line":57,"column":43}}]},"6":{"line":61,"type":"switch","locations":[{"start":{"line":68,"column":4},"end":{"line":150,"column":14},"skip":true},{"start":{"line":156,"column":4},"end":{"line":324,"column":14},"skip":true}]},"7":{"line":70,"type":"if","locations":[{"start":{"line":70,"column":12},"end":{"line":70,"column":12},"skip":true},{"start":{"line":70,"column":12},"end":{"line":70,"column":12},"skip":true}]},"8":{"line":70,"type":"binary-expr","locations":[{"start":{"line":70,"column":16},"end":{"line":70,"column":22},"skip":true},{"start":{"line":70,"column":27},"end":{"line":70,"column":32},"skip":true},{"start":{"line":71,"column":20},"end":{"line":71,"column":39},"skip":true},{"start":{"line":72,"column":20},"end":{"line":72,"column":49},"skip":true},{"start":{"line":73,"column":20},"end":{"line":73,"column":58},"skip":true},{"start":{"line":74,"column":20},"end":{"line":74,"column":69},"skip":true}]},"9":{"line":79,"type":"switch","locations":[{"start":{"line":80,"column":20},"end":{"line":80,"column":33},"skip":true},{"start":{"line":81,"column":20},"end":{"line":83,"column":30},"skip":true},{"start":{"line":84,"column":20},"end":{"line":85,"column":49},"skip":true}]},"10":{"line":89,"type":"switch","locations":[{"start":{"line":90,"column":12},"end":{"line":103,"column":22},"skip":true},{"start":{"line":105,"column":12},"end":{"line":106,"column":22},"skip":true}]},"11":{"line":89,"type":"binary-expr","locations":[{"start":{"line":89,"column":20},"end":{"line":89,"column":25},"skip":true},{"start":{"line":89,"column":29},"end":{"line":89,"column":48},"skip":true},{"start":{"line":89,"column":52},"end":{"line":89,"column":74},"skip":true}]},"12":{"line":92,"type":"if","locations":[{"start":{"line":92,"column":16},"end":{"line":92,"column":16},"skip":true},{"start":{"line":92,"column":16},"end":{"line":92,"column":16},"skip":true}]},"13":{"line":108,"type":"if","locations":[{"start":{"line":108,"column":12},"end":{"line":108,"column":12},"skip":true},{"start":{"line":108,"column":12},"end":{"line":108,"column":12},"skip":true}]},"14":{"line":108,"type":"binary-expr","locations":[{"start":{"line":108,"column":16},"end":{"line":108,"column":61},"skip":true},{"start":{"line":108,"column":66},"end":{"line":108,"column":72},"skip":true},{"start":{"line":108,"column":77},"end":{"line":108,"column":82},"skip":true},{"start":{"line":109,"column":20},"end":{"line":109,"column":39},"skip":true},{"start":{"line":110,"column":20},"end":{"line":110,"column":49},"skip":true},{"start":{"line":111,"column":20},"end":{"line":111,"column":58},"skip":true},{"start":{"line":112,"column":20},"end":{"line":112,"column":68},"skip":true}]},"15":{"line":129,"type":"if","locations":[{"start":{"line":129,"column":16},"end":{"line":129,"column":16},"skip":true},{"start":{"line":129,"column":16},"end":{"line":129,"column":16},"skip":true}]},"16":{"line":134,"type":"cond-expr","locations":[{"start":{"line":135,"column":26},"end":{"line":135,"column":29},"skip":true},{"start":{"line":136,"column":26},"end":{"line":136,"column":54},"skip":true}]},"17":{"line":164,"type":"binary-expr","locations":[{"start":{"line":164,"column":27},"end":{"line":164,"column":43},"skip":true},{"start":{"line":164,"column":47},"end":{"line":164,"column":49},"skip":true}]},"18":{"line":258,"type":"if","locations":[{"start":{"line":258,"column":8},"end":{"line":258,"column":8},"skip":true},{"start":{"line":258,"column":8},"end":{"line":258,"column":8},"skip":true}]},"19":{"line":275,"type":"switch","locations":[{"start":{"line":276,"column":20},"end":{"line":277,"column":64},"skip":true},{"start":{"line":278,"column":20},"end":{"line":279,"column":40},"skip":true},{"start":{"line":280,"column":20},"end":{"line":281,"column":40},"skip":true},{"start":{"line":282,"column":20},"end":{"line":283,"column":39},"skip":true}]},"20":{"line":288,"type":"if","locations":[{"start":{"line":288,"column":8},"end":{"line":288,"column":8},"skip":true},{"start":{"line":288,"column":8},"end":{"line":288,"column":8},"skip":true}]},"21":{"line":288,"type":"binary-expr","locations":[{"start":{"line":288,"column":12},"end":{"line":288,"column":40},"skip":true},{"start":{"line":288,"column":44},"end":{"line":288,"column":67},"skip":true}]},"22":{"line":292,"type":"binary-expr","locations":[{"start":{"line":292,"column":12},"end":{"line":292,"column":50},"skip":true},{"start":{"line":293,"column":12},"end":{"line":293,"column":53},"skip":true}]},"23":{"line":297,"type":"binary-expr","locations":[{"start":{"line":297,"column":12},"end":{"line":297,"column":66},"skip":true},{"start":{"line":298,"column":12},"end":{"line":301,"column":36},"skip":true}]},"24":{"line":303,"type":"binary-expr","locations":[{"start":{"line":303,"column":43},"end":{"line":303,"column":75},"skip":true},{"start":{"line":303,"column":79},"end":{"line":303,"column":81},"skip":true}]},"25":{"line":306,"type":"if","locations":[{"start":{"line":306,"column":8},"end":{"line":306,"column":8},"skip":true},{"start":{"line":306,"column":8},"end":{"line":306,"column":8},"skip":true}]},"26":{"line":310,"type":"if","locations":[{"start":{"line":310,"column":8},"end":{"line":310,"column":8},"skip":true},{"start":{"line":310,"column":8},"end":{"line":310,"column":8},"skip":true}]},"27":{"line":313,"type":"binary-expr","locations":[{"start":{"line":313,"column":27},"end":{"line":313,"column":43},"skip":true},{"start":{"line":313,"column":47},"end":{"line":313,"column":53},"skip":true}]},"28":{"line":317,"type":"if","locations":[{"start":{"line":317,"column":12},"end":{"line":317,"column":12},"skip":true},{"start":{"line":317,"column":12},"end":{"line":317,"column":12},"skip":true}]}},"code":["/*","example.js","","quickstart example","","instruction","    1. save this script as example.js","    2. run the shell command:","        $ npm install npmtest-grunt-s3 && PORT=8081 node example.js","    3. play with the browser-demo on http://127.0.0.1:8081","*/","","","","/* istanbul instrument in package npmtest_grunt_s3 */","/*jslint","    bitwise: true,","    browser: true,","    maxerr: 8,","    maxlen: 96,","    node: true,","    nomen: true,","    regexp: true,","    stupid: true","*/","(function () {","    'use strict';","    var local;","","","","    // run shared js-env code - pre-init","    (function () {","        // init local","        local = {};","        // init modeJs","        local.modeJs = (function () {","            try {","                return typeof navigator.userAgent === 'string' &&","                    typeof document.querySelector('body') === 'object' &&","                    typeof XMLHttpRequest.prototype.open === 'function' &&","                    'browser';","            } catch (errorCaughtBrowser) {","                return module.exports &&","                    typeof process.versions.node === 'string' &&","                    typeof require('http').createServer === 'function' &&","                    'node';","            }","        }());","        // init global","        local.global = local.modeJs === 'browser'","            ? window","            : global;","        // init utility2_rollup","        local = local.global.utility2_rollup || (local.modeJs === 'browser'","            ? local.global.utility2_npmtest_grunt_s3","            : global.utility2_moduleExports);","        // export local","        local.global.local = local;","    }());","    switch (local.modeJs) {","","","","    // post-init","    // run browser js-env code - post-init","    /* istanbul ignore next */","    case 'browser':","        local.testRunBrowser = function (event) {","            if (!event || (event &&","                    event.currentTarget &&","                    event.currentTarget.className &&","                    event.currentTarget.className.includes &&","                    event.currentTarget.className.includes('onreset'))) {","                // reset output","                Array.from(","                    document.querySelectorAll('body > .resettable')","                ).forEach(function (element) {","                    switch (element.tagName) {","                    case 'INPUT':","                    case 'TEXTAREA':","                        element.value = '';","                        break;","                    default:","                        element.textContent = '';","                    }","                });","            }","            switch (event && event.currentTarget && event.currentTarget.id) {","            case 'testRunButton1':","                // show tests","                if (document.querySelector('#testReportDiv1').style.display === 'none') {","                    document.querySelector('#testReportDiv1').style.display = 'block';","                    document.querySelector('#testRunButton1').textContent =","                        'hide internal test';","                    local.modeTest = true;","                    local.testRunDefault(local);","                // hide tests","                } else {","                    document.querySelector('#testReportDiv1').style.display = 'none';","                    document.querySelector('#testRunButton1').textContent = 'run internal test';","                }","                break;","            // custom-case","            default:","                break;","            }","            if (document.querySelector('#inputTextareaEval1') && (!event || (event &&","                    event.currentTarget &&","                    event.currentTarget.className &&","                    event.currentTarget.className.includes &&","                    event.currentTarget.className.includes('oneval')))) {","                // try to eval input-code","                try {","                    /*jslint evil: true*/","                    eval(document.querySelector('#inputTextareaEval1').value);","                } catch (errorCaught) {","                    console.error(errorCaught);","                }","            }","        };","        // log stderr and stdout to #outputTextareaStdout1","        ['error', 'log'].forEach(function (key) {","            console[key + '_original'] = console[key];","            console[key] = function () {","                var element;","                console[key + '_original'].apply(console, arguments);","                element = document.querySelector('#outputTextareaStdout1');","                if (!element) {","                    return;","                }","                // append text to #outputTextareaStdout1","                element.value += Array.from(arguments).map(function (arg) {","                    return typeof arg === 'string'","                        ? arg","                        : JSON.stringify(arg, null, 4);","                }).join(' ') + '\\n';","                // scroll textarea to bottom","                element.scrollTop = element.scrollHeight;","            };","        });","        // init event-handling","        ['change', 'click', 'keyup'].forEach(function (event) {","            Array.from(document.querySelectorAll('.on' + event)).forEach(function (element) {","                element.addEventListener(event, local.testRunBrowser);","            });","        });","        // run tests","        local.testRunBrowser();","        break;","","","","    // run node js-env code - post-init","    /* istanbul ignore next */","    case 'node':","        // export local","        module.exports = local;","        // require modules","        local.fs = require('fs');","        local.http = require('http');","        local.url = require('url');","        // init assets","        local.assetsDict = local.assetsDict || {};","        /* jslint-ignore-begin */","        local.assetsDict['/assets.index.template.html'] = '\\","<!doctype html>\\n\\","<html lang=\"en\">\\n\\","<head>\\n\\","<meta charset=\"UTF-8\">\\n\\","<meta name=\"viewport\" content=\"width=device-width, initial-scale=1\">\\n\\","<title>{{env.npm_package_name}} (v{{env.npm_package_version}})</title>\\n\\","<style>\\n\\","/*csslint\\n\\","    box-sizing: false,\\n\\","    universal-selector: false\\n\\","*/\\n\\","* {\\n\\","    box-sizing: border-box;\\n\\","}\\n\\","body {\\n\\","    background: #dde;\\n\\","    font-family: Arial, Helvetica, sans-serif;\\n\\","    margin: 2rem;\\n\\","}\\n\\","body > * {\\n\\","    margin-bottom: 1rem;\\n\\","}\\n\\",".utility2FooterDiv {\\n\\","    margin-top: 20px;\\n\\","    text-align: center;\\n\\","}\\n\\","</style>\\n\\","<style>\\n\\","/*csslint\\n\\","*/\\n\\","textarea {\\n\\","    font-family: monospace;\\n\\","    height: 10rem;\\n\\","    width: 100%;\\n\\","}\\n\\","textarea[readonly] {\\n\\","    background: #ddd;\\n\\","}\\n\\","</style>\\n\\","</head>\\n\\","<body>\\n\\","<!-- utility2-comment\\n\\","<div id=\"ajaxProgressDiv1\" style=\"background: #d00; height: 2px; left: 0; margin: 0; padding: 0; position: fixed; top: 0; transition: background 0.5s, width 1.5s; width: 25%;\"></div>\\n\\","utility2-comment -->\\n\\","<h1>\\n\\","<!-- utility2-comment\\n\\","    <a\\n\\","        {{#if env.npm_package_homepage}}\\n\\","        href=\"{{env.npm_package_homepage}}\"\\n\\","        {{/if env.npm_package_homepage}}\\n\\","        target=\"_blank\"\\n\\","    >\\n\\","utility2-comment -->\\n\\","        {{env.npm_package_name}} (v{{env.npm_package_version}})\\n\\","<!-- utility2-comment\\n\\","    </a>\\n\\","utility2-comment -->\\n\\","</h1>\\n\\","<h3>{{env.npm_package_description}}</h3>\\n\\","<!-- utility2-comment\\n\\","<h4><a download href=\"assets.app.js\">download standalone app</a></h4>\\n\\","<button class=\"onclick onreset\" id=\"testRunButton1\">run internal test</button><br>\\n\\","<div id=\"testReportDiv1\" style=\"display: none;\"></div>\\n\\","utility2-comment -->\\n\\","\\n\\","\\n\\","\\n\\","<label>stderr and stdout</label>\\n\\","<textarea class=\"resettable\" id=\"outputTextareaStdout1\" readonly></textarea>\\n\\","<!-- utility2-comment\\n\\","{{#if isRollup}}\\n\\","<script src=\"assets.app.js\"></script>\\n\\","{{#unless isRollup}}\\n\\","utility2-comment -->\\n\\","<script src=\"assets.utility2.rollup.js\"></script>\\n\\","<script src=\"jsonp.utility2._stateInit?callback=window.utility2._stateInit\"></script>\\n\\","<script src=\"assets.npmtest_grunt_s3.rollup.js\"></script>\\n\\","<script src=\"assets.example.js\"></script>\\n\\","<script src=\"assets.test.js\"></script>\\n\\","<!-- utility2-comment\\n\\","{{/if isRollup}}\\n\\","utility2-comment -->\\n\\","<div class=\"utility2FooterDiv\">\\n\\","    [ this app was created with\\n\\","    <a href=\"https://github.com/kaizhu256/node-utility2\" target=\"_blank\">utility2</a>\\n\\","    ]\\n\\","</div>\\n\\","</body>\\n\\","</html>\\n\\","';","        /* jslint-ignore-end */","        if (local.templateRender) {","            local.assetsDict['/'] = local.templateRender(","                local.assetsDict['/assets.index.template.html'],","                {","                    env: local.objectSetDefault(local.env, {","                        npm_package_description: 'the greatest app in the world!',","                        npm_package_name: 'my-app',","                        npm_package_nameAlias: 'my_app',","                        npm_package_version: '0.0.1'","                    })","                }","            );","        } else {","            local.assetsDict['/'] = local.assetsDict['/assets.index.template.html']","                .replace((/\\{\\{env\\.(\\w+?)\\}\\}/g), function (match0, match1) {","                    // jslint-hack","                    String(match0);","                    switch (match1) {","                    case 'npm_package_description':","                        return 'the greatest app in the world!';","                    case 'npm_package_name':","                        return 'my-app';","                    case 'npm_package_nameAlias':","                        return 'my_app';","                    case 'npm_package_version':","                        return '0.0.1';","                    }","                });","        }","        // run the cli","        if (local.global.utility2_rollup || module !== require.main) {","            break;","        }","        local.assetsDict['/assets.example.js'] =","            local.assetsDict['/assets.example.js'] ||","            local.fs.readFileSync(__filename, 'utf8');","        // bug-workaround - long $npm_package_buildCustomOrg","        /* jslint-ignore-begin */","        local.assetsDict['/assets.npmtest_grunt_s3.rollup.js'] =","            local.assetsDict['/assets.npmtest_grunt_s3.rollup.js'] ||","            local.fs.readFileSync(","                local.npmtest_grunt_s3.__dirname + '/lib.npmtest_grunt_s3.js',","                'utf8'","            ).replace((/^#!/), '//');","        /* jslint-ignore-end */","        local.assetsDict['/favicon.ico'] = local.assetsDict['/favicon.ico'] || '';","        // if $npm_config_timeout_exit exists,","        // then exit this process after $npm_config_timeout_exit ms","        if (Number(process.env.npm_config_timeout_exit)) {","            setTimeout(process.exit, Number(process.env.npm_config_timeout_exit));","        }","        // start server","        if (local.global.utility2_serverHttp1) {","            break;","        }","        process.env.PORT = process.env.PORT || '8081';","        console.error('server starting on port ' + process.env.PORT);","        local.http.createServer(function (request, response) {","            request.urlParsed = local.url.parse(request.url);","            if (local.assetsDict[request.urlParsed.pathname] !== undefined) {","                response.end(local.assetsDict[request.urlParsed.pathname]);","                return;","            }","            response.statusCode = 404;","            response.end();","        }).listen(process.env.PORT);","        break;","    }","}());",""],"l":{"26":2,"28":2,"33":2,"35":2,"37":2,"38":2,"39":2,"44":1,"51":2,"55":2,"59":2,"61":2,"69":1,"70":2,"76":2,"79":2,"82":2,"83":2,"85":1,"89":2,"92":1,"93":1,"94":1,"96":1,"97":1,"100":1,"101":1,"103":1,"106":1,"108":2,"114":1,"116":1,"118":1,"123":1,"124":2,"125":2,"126":3,"127":3,"128":3,"129":3,"130":1,"133":3,"134":3,"139":3,"143":1,"144":3,"145":1,"149":1,"150":1,"158":1,"160":1,"161":1,"162":1,"164":1,"166":1,"258":1,"259":1,"271":1,"274":6,"275":6,"277":1,"279":2,"281":1,"283":2,"288":1,"289":1,"291":1,"296":1,"303":1,"306":1,"307":1,"310":1,"311":1,"313":1,"314":1,"315":1,"316":1,"317":1,"318":1,"319":1,"321":1,"322":1,"324":1}},"/home/travis/build/npmtest/node-npmtest-grunt-s3/node_modules/grunt-s3/tasks/s3.js":{"path":"/home/travis/build/npmtest/node-npmtest-grunt-s3/node_modules/grunt-s3/tasks/s3.js","s":{"1":1,"2":1,"3":0,"4":0,"5":0,"6":0,"7":0,"8":0,"9":0,"10":1,"11":0,"12":1},"b":{"1":[0,0]},"f":{"1":0,"2":0,"3":0},"fnMap":{"1":{"name":"(anonymous_1)","line":16,"loc":{"start":{"line":16,"column":15},"end":{"line":16,"column":32}}},"2":{"name":"(anonymous_2)","line":34,"loc":{"start":{"line":34,"column":58},"end":{"line":34,"column":70}}},"3":{"name":"(anonymous_3)","line":41,"loc":{"start":{"line":41,"column":16},"end":{"line":41,"column":33}}}},"statementMap":{"1":{"start":{"line":14,"column":0},"end":{"line":14,"column":29}},"2":{"start":{"line":16,"column":0},"end":{"line":39,"column":2}},"3":{"start":{"line":17,"column":2},"end":{"line":17,"column":39}},"4":{"start":{"line":20,"column":2},"end":{"line":25,"column":3}},"5":{"start":{"line":21,"column":4},"end":{"line":24,"column":6}},"6":{"start":{"line":27,"column":2},"end":{"line":27,"column":22}},"7":{"start":{"line":34,"column":2},"end":{"line":38,"column":5}},"8":{"start":{"line":35,"column":4},"end":{"line":35,"column":36}},"9":{"start":{"line":37,"column":4},"end":{"line":37,"column":15}},"10":{"start":{"line":41,"column":0},"end":{"line":43,"column":2}},"11":{"start":{"line":42,"column":2},"end":{"line":42,"column":24}},"12":{"start":{"line":45,"column":0},"end":{"line":45,"column":26}}},"branchMap":{"1":{"line":20,"type":"if","locations":[{"start":{"line":20,"column":2},"end":{"line":20,"column":2}},{"start":{"line":20,"column":2},"end":{"line":20,"column":2}}]}},"code":["/*jshint esnext:true*/","/*globals module:true, require:true, process:true*/","","/*"," * Grunt Task File"," * ---------------"," *"," * Task: S3"," * Description: Move files to and from s3"," * Dependencies: knox, underscore.deferred"," *"," */","","var s3 = require('./lib/s3');","","var exportFn = function (grunt) {","  var S3Task = require('./lib/S3Task');","","  // If grunt is not provided, then expose internal API.","  if (typeof grunt !== 'object') {","    return {","      s3: s3,","      S3Task: S3Task","    };","  }","","  s3 = s3.init(grunt);","","  /**","   * Transfer files to/from s3.","   *","   * Uses global s3 grunt config.","   */","  grunt.registerMultiTask('s3', 'Publishes files to s3.', function () {","    var task = new S3Task(this, s3);","","    task.run();","  });","};","","exportFn.init = function (grunt) {","  return s3.init(grunt);","};","","module.exports = exportFn;",""],"l":{"14":1,"16":1,"17":0,"20":0,"21":0,"27":0,"34":0,"35":0,"37":0,"41":1,"42":0,"45":1}},"/home/travis/build/npmtest/node-npmtest-grunt-s3/node_modules/grunt-s3/tasks/lib/s3.js":{"path":"/home/travis/build/npmtest/node-npmtest-grunt-s3/node_modules/grunt-s3/tasks/lib/s3.js","s":{"1":1,"2":1,"3":1,"4":1,"5":1,"6":1,"7":1,"8":1,"9":1,"10":1,"11":1,"12":1,"13":1,"14":1,"15":1,"16":1,"17":1,"18":1,"19":1,"20":1,"21":1,"22":1,"23":1,"24":1,"25":1,"26":1,"27":1,"28":1,"29":1,"30":1,"31":1,"32":0,"33":0,"34":0,"35":0,"36":0,"37":0,"38":0,"39":0,"40":0,"41":0,"42":0,"43":0,"44":0,"45":0,"46":0,"47":0,"48":0,"49":0,"50":0,"51":0,"52":0,"53":0,"54":0,"55":0,"56":0,"57":0,"58":0,"59":0,"60":0,"61":0,"62":0,"63":0,"64":0,"65":0,"66":0,"67":0,"68":0,"69":0,"70":0,"71":0,"72":0,"73":0,"74":0,"75":0,"76":0,"77":0,"78":0,"79":0,"80":0,"81":0,"82":0,"83":0,"84":0,"85":0,"86":0,"87":0,"88":0,"89":0,"90":0,"91":0,"92":0,"93":0,"94":0,"95":0,"96":0,"97":0,"98":0,"99":0,"100":0,"101":0,"102":0,"103":0,"104":0,"105":0,"106":0,"107":0,"108":0,"109":0,"110":0,"111":0,"112":0,"113":0,"114":0,"115":0,"116":0,"117":0,"118":0,"119":0,"120":0,"121":0,"122":0,"123":0,"124":0,"125":0,"126":0,"127":0,"128":0,"129":0,"130":0,"131":0,"132":0,"133":0,"134":0,"135":0,"136":0,"137":0,"138":0,"139":0,"140":0,"141":0,"142":0,"143":0,"144":0,"145":0,"146":0,"147":0,"148":0,"149":0,"150":0,"151":0,"152":0,"153":0,"154":0,"155":0,"156":0,"157":0,"158":0,"159":0,"160":0,"161":0,"162":0,"163":0,"164":0,"165":0,"166":0,"167":0,"168":0,"169":0,"170":0,"171":0,"172":0,"173":0,"174":0,"175":0,"176":0,"177":0,"178":0,"179":0,"180":0,"181":0,"182":0,"183":0},"b":{"1":[1,0],"2":[0,0],"3":[0,0],"4":[0,0],"5":[0,0],"6":[0,0],"7":[0,0],"8":[0,0],"9":[0,0],"10":[0,0],"11":[0,0],"12":[0,0],"13":[0,0],"14":[0,0],"15":[0,0],"16":[0,0],"17":[0,0],"18":[0,0],"19":[0,0],"20":[0,0],"21":[0,0],"22":[0,0],"23":[0,0],"24":[0,0],"25":[0,0],"26":[0,0],"27":[0,0],"28":[0,0],"29":[0,0],"30":[0,0],"31":[0,0],"32":[0,0],"33":[0,0],"34":[0,0],"35":[0,0],"36":[0,0],"37":[0,0],"38":[0,0,0],"39":[0,0],"40":[0,0],"41":[0,0],"42":[0,0],"43":[0,0],"44":[0,0],"45":[0,0],"46":[0,0]},"f":{"1":0,"2":0,"3":0,"4":0,"5":0,"6":0,"7":0,"8":0,"9":0,"10":0,"11":0,"12":0,"13":0,"14":0,"15":0,"16":0,"17":0,"18":0,"19":0,"20":0,"21":0,"22":0,"23":0,"24":0,"25":0,"26":0,"27":0},"fnMap":{"1":{"name":"(anonymous_1)","line":52,"loc":{"start":{"line":52,"column":15},"end":{"line":52,"column":32}}},"2":{"name":"(anonymous_2)","line":68,"loc":{"start":{"line":68,"column":38},"end":{"line":68,"column":50}}},"3":{"name":"(anonymous_3)","line":73,"loc":{"start":{"line":73,"column":42},"end":{"line":73,"column":57}}},"4":{"name":"(anonymous_4)","line":85,"loc":{"start":{"line":85,"column":40},"end":{"line":85,"column":58}}},"5":{"name":"(anonymous_5)","line":103,"loc":{"start":{"line":103,"column":33},"end":{"line":103,"column":60}}},"6":{"name":"(anonymous_6)","line":128,"loc":{"start":{"line":128,"column":17},"end":{"line":128,"column":31}}},"7":{"name":"(anonymous_7)","line":129,"loc":{"start":{"line":129,"column":17},"end":{"line":129,"column":29}}},"8":{"name":"(anonymous_8)","line":132,"loc":{"start":{"line":132,"column":41},"end":{"line":132,"column":61}}},"9":{"name":"(anonymous_9)","line":140,"loc":{"start":{"line":140,"column":27},"end":{"line":140,"column":48}}},"10":{"name":"(anonymous_10)","line":189,"loc":{"start":{"line":189,"column":21},"end":{"line":189,"column":36}}},"11":{"name":"(anonymous_11)","line":192,"loc":{"start":{"line":192,"column":21},"end":{"line":192,"column":33}}},"12":{"name":"(anonymous_12)","line":196,"loc":{"start":{"line":196,"column":17},"end":{"line":196,"column":37}}},"13":{"name":"(anonymous_13)","line":211,"loc":{"start":{"line":211,"column":13},"end":{"line":211,"column":33}}},"14":{"name":"(anonymous_14)","line":236,"loc":{"start":{"line":236,"column":36},"end":{"line":236,"column":63}}},"15":{"name":"(anonymous_15)","line":251,"loc":{"start":{"line":251,"column":24},"end":{"line":251,"column":44}}},"16":{"name":"(anonymous_16)","line":259,"loc":{"start":{"line":259,"column":20},"end":{"line":259,"column":37}}},"17":{"name":"(anonymous_17)","line":262,"loc":{"start":{"line":262,"column":21},"end":{"line":262,"column":36}}},"18":{"name":"(anonymous_18)","line":265,"loc":{"start":{"line":265,"column":19},"end":{"line":265,"column":31}}},"19":{"name":"(anonymous_19)","line":269,"loc":{"start":{"line":269,"column":28},"end":{"line":269,"column":49}}},"20":{"name":"(anonymous_20)","line":306,"loc":{"start":{"line":306,"column":17},"end":{"line":306,"column":44}}},"21":{"name":"(anonymous_21)","line":330,"loc":{"start":{"line":330,"column":23},"end":{"line":330,"column":38}}},"22":{"name":"(anonymous_22)","line":350,"loc":{"start":{"line":350,"column":16},"end":{"line":350,"column":37}}},"23":{"name":"(anonymous_23)","line":362,"loc":{"start":{"line":362,"column":27},"end":{"line":362,"column":47}}},"24":{"name":"(anonymous_24)","line":388,"loc":{"start":{"line":388,"column":17},"end":{"line":388,"column":44}}},"25":{"name":"(anonymous_25)","line":402,"loc":{"start":{"line":402,"column":27},"end":{"line":402,"column":46}}},"26":{"name":"(anonymous_26)","line":424,"loc":{"start":{"line":424,"column":23},"end":{"line":424,"column":44}}},"27":{"name":"(anonymous_27)","line":442,"loc":{"start":{"line":442,"column":22},"end":{"line":442,"column":43}}}},"statementMap":{"1":{"start":{"line":9,"column":0},"end":{"line":9,"column":27}},"2":{"start":{"line":10,"column":0},"end":{"line":10,"column":31}},"3":{"start":{"line":11,"column":0},"end":{"line":11,"column":23}},"4":{"start":{"line":12,"column":0},"end":{"line":12,"column":27}},"5":{"start":{"line":13,"column":0},"end":{"line":13,"column":25}},"6":{"start":{"line":14,"column":0},"end":{"line":14,"column":27}},"7":{"start":{"line":17,"column":0},"end":{"line":17,"column":27}},"8":{"start":{"line":18,"column":0},"end":{"line":18,"column":27}},"9":{"start":{"line":19,"column":0},"end":{"line":19,"column":46}},"10":{"start":{"line":20,"column":0},"end":{"line":20,"column":45}},"11":{"start":{"line":23,"column":0},"end":{"line":23,"column":33}},"12":{"start":{"line":26,"column":0},"end":{"line":26,"column":72}},"13":{"start":{"line":31,"column":0},"end":{"line":31,"column":57}},"14":{"start":{"line":32,"column":0},"end":{"line":32,"column":63}},"15":{"start":{"line":33,"column":0},"end":{"line":33,"column":50}},"16":{"start":{"line":34,"column":0},"end":{"line":34,"column":54}},"17":{"start":{"line":35,"column":0},"end":{"line":35,"column":62}},"18":{"start":{"line":36,"column":0},"end":{"line":36,"column":63}},"19":{"start":{"line":37,"column":0},"end":{"line":37,"column":60}},"20":{"start":{"line":39,"column":0},"end":{"line":39,"column":82}},"21":{"start":{"line":40,"column":0},"end":{"line":40,"column":88}},"22":{"start":{"line":41,"column":0},"end":{"line":41,"column":60}},"23":{"start":{"line":42,"column":0},"end":{"line":42,"column":78}},"24":{"start":{"line":43,"column":0},"end":{"line":43,"column":57}},"25":{"start":{"line":45,"column":0},"end":{"line":45,"column":56}},"26":{"start":{"line":46,"column":0},"end":{"line":46,"column":45}},"27":{"start":{"line":47,"column":0},"end":{"line":47,"column":49}},"28":{"start":{"line":48,"column":0},"end":{"line":48,"column":45}},"29":{"start":{"line":49,"column":0},"end":{"line":49,"column":42}},"30":{"start":{"line":50,"column":0},"end":{"line":50,"column":73}},"31":{"start":{"line":52,"column":0},"end":{"line":470,"column":2}},"32":{"start":{"line":53,"column":2},"end":{"line":53,"column":31}},"33":{"start":{"line":54,"column":2},"end":{"line":54,"column":23}},"34":{"start":{"line":56,"column":2},"end":{"line":56,"column":20}},"35":{"start":{"line":58,"column":2},"end":{"line":58,"column":19}},"36":{"start":{"line":68,"column":2},"end":{"line":71,"column":4}},"37":{"start":{"line":69,"column":4},"end":{"line":69,"column":60}},"38":{"start":{"line":70,"column":4},"end":{"line":70,"column":26}},"39":{"start":{"line":73,"column":2},"end":{"line":77,"column":4}},"40":{"start":{"line":74,"column":4},"end":{"line":74,"column":44}},"41":{"start":{"line":76,"column":4},"end":{"line":76,"column":19}},"42":{"start":{"line":85,"column":2},"end":{"line":89,"column":4}},"43":{"start":{"line":86,"column":4},"end":{"line":88,"column":8}},"44":{"start":{"line":103,"column":2},"end":{"line":222,"column":4}},"45":{"start":{"line":104,"column":4},"end":{"line":104,"column":31}},"46":{"start":{"line":105,"column":4},"end":{"line":105,"column":36}},"47":{"start":{"line":106,"column":4},"end":{"line":106,"column":54}},"48":{"start":{"line":109,"column":4},"end":{"line":111,"column":5}},"49":{"start":{"line":110,"column":6},"end":{"line":110,"column":65}},"50":{"start":{"line":113,"column":4},"end":{"line":113,"column":40}},"51":{"start":{"line":115,"column":4},"end":{"line":117,"column":5}},"52":{"start":{"line":116,"column":6},"end":{"line":116,"column":44}},"53":{"start":{"line":120,"column":4},"end":{"line":120,"column":37}},"54":{"start":{"line":122,"column":4},"end":{"line":124,"column":5}},"55":{"start":{"line":123,"column":6},"end":{"line":123,"column":98}},"56":{"start":{"line":128,"column":4},"end":{"line":164,"column":6}},"57":{"start":{"line":129,"column":6},"end":{"line":129,"column":32}},"58":{"start":{"line":132,"column":6},"end":{"line":163,"column":9}},"59":{"start":{"line":135,"column":8},"end":{"line":161,"column":9}},"60":{"start":{"line":136,"column":10},"end":{"line":136,"column":74}},"61":{"start":{"line":140,"column":10},"end":{"line":160,"column":13}},"62":{"start":{"line":141,"column":12},"end":{"line":159,"column":13}},"63":{"start":{"line":142,"column":14},"end":{"line":142,"column":60}},"64":{"start":{"line":147,"column":14},"end":{"line":147,"column":66}},"65":{"start":{"line":150,"column":14},"end":{"line":150,"column":82}},"66":{"start":{"line":152,"column":14},"end":{"line":158,"column":15}},"67":{"start":{"line":153,"column":16},"end":{"line":153,"column":80}},"68":{"start":{"line":154,"column":16},"end":{"line":154,"column":30}},"69":{"start":{"line":157,"column":16},"end":{"line":157,"column":92}},"70":{"start":{"line":162,"column":8},"end":{"line":162,"column":21}},"71":{"start":{"line":167,"column":4},"end":{"line":167,"column":48}},"72":{"start":{"line":168,"column":4},"end":{"line":170,"column":5}},"73":{"start":{"line":169,"column":6},"end":{"line":169,"column":23}},"74":{"start":{"line":174,"column":4},"end":{"line":219,"column":5}},"75":{"start":{"line":175,"column":6},"end":{"line":175,"column":43}},"76":{"start":{"line":176,"column":6},"end":{"line":176,"column":76}},"77":{"start":{"line":178,"column":6},"end":{"line":178,"column":72}},"78":{"start":{"line":179,"column":6},"end":{"line":181,"column":7}},"79":{"start":{"line":180,"column":8},"end":{"line":180,"column":58}},"80":{"start":{"line":183,"column":6},"end":{"line":183,"column":31}},"81":{"start":{"line":184,"column":6},"end":{"line":184,"column":43}},"82":{"start":{"line":185,"column":6},"end":{"line":185,"column":50}},"83":{"start":{"line":188,"column":6},"end":{"line":207,"column":11}},"84":{"start":{"line":190,"column":10},"end":{"line":190,"column":64}},"85":{"start":{"line":194,"column":10},"end":{"line":194,"column":25}},"86":{"start":{"line":195,"column":10},"end":{"line":195,"column":33}},"87":{"start":{"line":196,"column":10},"end":{"line":206,"column":13}},"88":{"start":{"line":198,"column":12},"end":{"line":198,"column":29}},"89":{"start":{"line":200,"column":12},"end":{"line":205,"column":13}},"90":{"start":{"line":201,"column":14},"end":{"line":201,"column":30}},"91":{"start":{"line":204,"column":14},"end":{"line":204,"column":31}},"92":{"start":{"line":211,"column":6},"end":{"line":218,"column":9}},"93":{"start":{"line":212,"column":8},"end":{"line":217,"column":9}},"94":{"start":{"line":213,"column":10},"end":{"line":213,"column":26}},"95":{"start":{"line":216,"column":10},"end":{"line":216,"column":27}},"96":{"start":{"line":221,"column":4},"end":{"line":221,"column":25}},"97":{"start":{"line":236,"column":2},"end":{"line":294,"column":4}},"98":{"start":{"line":237,"column":4},"end":{"line":237,"column":31}},"99":{"start":{"line":238,"column":4},"end":{"line":238,"column":36}},"100":{"start":{"line":241,"column":4},"end":{"line":241,"column":37}},"101":{"start":{"line":243,"column":4},"end":{"line":245,"column":5}},"102":{"start":{"line":244,"column":6},"end":{"line":244,"column":124}},"103":{"start":{"line":248,"column":4},"end":{"line":248,"column":42}},"104":{"start":{"line":251,"column":4},"end":{"line":291,"column":7}},"105":{"start":{"line":254,"column":6},"end":{"line":256,"column":7}},"106":{"start":{"line":255,"column":8},"end":{"line":255,"column":83}},"107":{"start":{"line":258,"column":6},"end":{"line":290,"column":11}},"108":{"start":{"line":260,"column":10},"end":{"line":260,"column":28}},"109":{"start":{"line":263,"column":10},"end":{"line":263,"column":67}},"110":{"start":{"line":266,"column":10},"end":{"line":266,"column":21}},"111":{"start":{"line":269,"column":10},"end":{"line":289,"column":13}},"112":{"start":{"line":270,"column":12},"end":{"line":288,"column":13}},"113":{"start":{"line":271,"column":14},"end":{"line":271,"column":71}},"114":{"start":{"line":276,"column":14},"end":{"line":276,"column":66}},"115":{"start":{"line":279,"column":14},"end":{"line":279,"column":82}},"116":{"start":{"line":281,"column":14},"end":{"line":287,"column":15}},"117":{"start":{"line":282,"column":16},"end":{"line":282,"column":76}},"118":{"start":{"line":283,"column":16},"end":{"line":283,"column":33}},"119":{"start":{"line":286,"column":16},"end":{"line":286,"column":96}},"120":{"start":{"line":293,"column":4},"end":{"line":293,"column":25}},"121":{"start":{"line":306,"column":2},"end":{"line":340,"column":4}},"122":{"start":{"line":307,"column":4},"end":{"line":307,"column":31}},"123":{"start":{"line":308,"column":4},"end":{"line":308,"column":36}},"124":{"start":{"line":311,"column":4},"end":{"line":311,"column":37}},"125":{"start":{"line":313,"column":4},"end":{"line":315,"column":5}},"126":{"start":{"line":314,"column":6},"end":{"line":314,"column":90}},"127":{"start":{"line":317,"column":4},"end":{"line":320,"column":6}},"128":{"start":{"line":322,"column":4},"end":{"line":325,"column":5}},"129":{"start":{"line":323,"column":6},"end":{"line":323,"column":41}},"130":{"start":{"line":324,"column":6},"end":{"line":324,"column":54}},"131":{"start":{"line":328,"column":4},"end":{"line":328,"column":40}},"132":{"start":{"line":330,"column":4},"end":{"line":337,"column":7}},"133":{"start":{"line":331,"column":6},"end":{"line":336,"column":7}},"134":{"start":{"line":332,"column":8},"end":{"line":332,"column":55}},"135":{"start":{"line":335,"column":8},"end":{"line":335,"column":62}},"136":{"start":{"line":339,"column":4},"end":{"line":339,"column":25}},"137":{"start":{"line":350,"column":2},"end":{"line":372,"column":4}},"138":{"start":{"line":351,"column":4},"end":{"line":351,"column":31}},"139":{"start":{"line":352,"column":4},"end":{"line":352,"column":36}},"140":{"start":{"line":355,"column":4},"end":{"line":355,"column":37}},"141":{"start":{"line":357,"column":4},"end":{"line":359,"column":5}},"142":{"start":{"line":358,"column":6},"end":{"line":358,"column":86}},"143":{"start":{"line":362,"column":4},"end":{"line":369,"column":7}},"144":{"start":{"line":363,"column":6},"end":{"line":368,"column":7}},"145":{"start":{"line":364,"column":8},"end":{"line":364,"column":74}},"146":{"start":{"line":367,"column":8},"end":{"line":367,"column":58}},"147":{"start":{"line":371,"column":4},"end":{"line":371,"column":25}},"148":{"start":{"line":388,"column":2},"end":{"line":467,"column":4}},"149":{"start":{"line":389,"column":4},"end":{"line":389,"column":31}},"150":{"start":{"line":390,"column":4},"end":{"line":390,"column":36}},"151":{"start":{"line":391,"column":4},"end":{"line":391,"column":54}},"152":{"start":{"line":394,"column":4},"end":{"line":394,"column":37}},"153":{"start":{"line":396,"column":4},"end":{"line":398,"column":5}},"154":{"start":{"line":397,"column":6},"end":{"line":397,"column":90}},"155":{"start":{"line":402,"column":4},"end":{"line":464,"column":13}},"156":{"start":{"line":403,"column":6},"end":{"line":403,"column":17}},"157":{"start":{"line":406,"column":6},"end":{"line":410,"column":7}},"158":{"start":{"line":407,"column":8},"end":{"line":407,"column":50}},"159":{"start":{"line":409,"column":8},"end":{"line":409,"column":54}},"160":{"start":{"line":412,"column":6},"end":{"line":414,"column":7}},"161":{"start":{"line":413,"column":8},"end":{"line":413,"column":89}},"162":{"start":{"line":417,"column":6},"end":{"line":420,"column":7}},"163":{"start":{"line":419,"column":8},"end":{"line":419,"column":69}},"164":{"start":{"line":424,"column":6},"end":{"line":463,"column":9}},"165":{"start":{"line":425,"column":8},"end":{"line":425,"column":34}},"166":{"start":{"line":427,"column":8},"end":{"line":429,"column":9}},"167":{"start":{"line":428,"column":10},"end":{"line":428,"column":71}},"168":{"start":{"line":432,"column":8},"end":{"line":432,"column":56}},"169":{"start":{"line":435,"column":8},"end":{"line":435,"column":72}},"170":{"start":{"line":437,"column":8},"end":{"line":440,"column":9}},"171":{"start":{"line":439,"column":10},"end":{"line":439,"column":71}},"172":{"start":{"line":442,"column":8},"end":{"line":462,"column":11}},"173":{"start":{"line":443,"column":10},"end":{"line":443,"column":44}},"174":{"start":{"line":445,"column":10},"end":{"line":447,"column":11}},"175":{"start":{"line":446,"column":12},"end":{"line":446,"column":73}},"176":{"start":{"line":450,"column":10},"end":{"line":450,"column":69}},"177":{"start":{"line":451,"column":10},"end":{"line":451,"column":51}},"178":{"start":{"line":453,"column":10},"end":{"line":456,"column":11}},"179":{"start":{"line":455,"column":12},"end":{"line":455,"column":71}},"180":{"start":{"line":459,"column":10},"end":{"line":459,"column":52}},"181":{"start":{"line":461,"column":10},"end":{"line":461,"column":49}},"182":{"start":{"line":466,"column":4},"end":{"line":466,"column":25}},"183":{"start":{"line":469,"column":2},"end":{"line":469,"column":17}}},"branchMap":{"1":{"line":26,"type":"cond-expr","locations":[{"start":{"line":26,"column":40},"end":{"line":26,"column":53}},{"start":{"line":26,"column":56},"end":{"line":26,"column":71}}]},"2":{"line":74,"type":"binary-expr","locations":[{"start":{"line":74,"column":26},"end":{"line":74,"column":30}},{"start":{"line":74,"column":34},"end":{"line":74,"column":36}}]},"3":{"line":109,"type":"if","locations":[{"start":{"line":109,"column":4},"end":{"line":109,"column":4}},{"start":{"line":109,"column":4},"end":{"line":109,"column":4}}]},"4":{"line":113,"type":"binary-expr","locations":[{"start":{"line":113,"column":18},"end":{"line":113,"column":33}},{"start":{"line":113,"column":37},"end":{"line":113,"column":39}}]},"5":{"line":115,"type":"if","locations":[{"start":{"line":115,"column":4},"end":{"line":115,"column":4}},{"start":{"line":115,"column":4},"end":{"line":115,"column":4}}]},"6":{"line":122,"type":"if","locations":[{"start":{"line":122,"column":4},"end":{"line":122,"column":4}},{"start":{"line":122,"column":4},"end":{"line":122,"column":4}}]},"7":{"line":129,"type":"binary-expr","locations":[{"start":{"line":129,"column":11},"end":{"line":129,"column":13}},{"start":{"line":129,"column":17},"end":{"line":129,"column":31}}]},"8":{"line":135,"type":"if","locations":[{"start":{"line":135,"column":8},"end":{"line":135,"column":8}},{"start":{"line":135,"column":8},"end":{"line":135,"column":8}}]},"9":{"line":135,"type":"binary-expr","locations":[{"start":{"line":135,"column":12},"end":{"line":135,"column":15}},{"start":{"line":135,"column":19},"end":{"line":135,"column":41}}]},"10":{"line":136,"type":"binary-expr","locations":[{"start":{"line":136,"column":50},"end":{"line":136,"column":53}},{"start":{"line":136,"column":57},"end":{"line":136,"column":71}}]},"11":{"line":141,"type":"if","locations":[{"start":{"line":141,"column":12},"end":{"line":141,"column":12}},{"start":{"line":141,"column":12},"end":{"line":141,"column":12}}]},"12":{"line":152,"type":"if","locations":[{"start":{"line":152,"column":14},"end":{"line":152,"column":14}},{"start":{"line":152,"column":14},"end":{"line":152,"column":14}}]},"13":{"line":167,"type":"binary-expr","locations":[{"start":{"line":167,"column":22},"end":{"line":167,"column":41}},{"start":{"line":167,"column":45},"end":{"line":167,"column":47}}]},"14":{"line":168,"type":"if","locations":[{"start":{"line":168,"column":4},"end":{"line":168,"column":4}},{"start":{"line":168,"column":4},"end":{"line":168,"column":4}}]},"15":{"line":174,"type":"if","locations":[{"start":{"line":174,"column":4},"end":{"line":174,"column":4}},{"start":{"line":174,"column":4},"end":{"line":174,"column":4}}]},"16":{"line":174,"type":"binary-expr","locations":[{"start":{"line":174,"column":8},"end":{"line":174,"column":20}},{"start":{"line":174,"column":24},"end":{"line":174,"column":69}}]},"17":{"line":176,"type":"binary-expr","locations":[{"start":{"line":176,"column":32},"end":{"line":176,"column":55}},{"start":{"line":176,"column":59},"end":{"line":176,"column":75}}]},"18":{"line":179,"type":"if","locations":[{"start":{"line":179,"column":6},"end":{"line":179,"column":6}},{"start":{"line":179,"column":6},"end":{"line":179,"column":6}}]},"19":{"line":200,"type":"if","locations":[{"start":{"line":200,"column":12},"end":{"line":200,"column":12}},{"start":{"line":200,"column":12},"end":{"line":200,"column":12}}]},"20":{"line":212,"type":"if","locations":[{"start":{"line":212,"column":8},"end":{"line":212,"column":8}},{"start":{"line":212,"column":8},"end":{"line":212,"column":8}}]},"21":{"line":243,"type":"if","locations":[{"start":{"line":243,"column":4},"end":{"line":243,"column":4}},{"start":{"line":243,"column":4},"end":{"line":243,"column":4}}]},"22":{"line":254,"type":"if","locations":[{"start":{"line":254,"column":6},"end":{"line":254,"column":6}},{"start":{"line":254,"column":6},"end":{"line":254,"column":6}}]},"23":{"line":254,"type":"binary-expr","locations":[{"start":{"line":254,"column":10},"end":{"line":254,"column":13}},{"start":{"line":254,"column":17},"end":{"line":254,"column":39}}]},"24":{"line":255,"type":"binary-expr","locations":[{"start":{"line":255,"column":59},"end":{"line":255,"column":62}},{"start":{"line":255,"column":66},"end":{"line":255,"column":80}}]},"25":{"line":270,"type":"if","locations":[{"start":{"line":270,"column":12},"end":{"line":270,"column":12}},{"start":{"line":270,"column":12},"end":{"line":270,"column":12}}]},"26":{"line":281,"type":"if","locations":[{"start":{"line":281,"column":14},"end":{"line":281,"column":14}},{"start":{"line":281,"column":14},"end":{"line":281,"column":14}}]},"27":{"line":313,"type":"if","locations":[{"start":{"line":313,"column":4},"end":{"line":313,"column":4}},{"start":{"line":313,"column":4},"end":{"line":313,"column":4}}]},"28":{"line":322,"type":"if","locations":[{"start":{"line":322,"column":4},"end":{"line":322,"column":4}},{"start":{"line":322,"column":4},"end":{"line":322,"column":4}}]},"29":{"line":331,"type":"if","locations":[{"start":{"line":331,"column":6},"end":{"line":331,"column":6}},{"start":{"line":331,"column":6},"end":{"line":331,"column":6}}]},"30":{"line":357,"type":"if","locations":[{"start":{"line":357,"column":4},"end":{"line":357,"column":4}},{"start":{"line":357,"column":4},"end":{"line":357,"column":4}}]},"31":{"line":363,"type":"if","locations":[{"start":{"line":363,"column":6},"end":{"line":363,"column":6}},{"start":{"line":363,"column":6},"end":{"line":363,"column":6}}]},"32":{"line":363,"type":"binary-expr","locations":[{"start":{"line":363,"column":10},"end":{"line":363,"column":13}},{"start":{"line":363,"column":17},"end":{"line":363,"column":39}}]},"33":{"line":364,"type":"binary-expr","locations":[{"start":{"line":364,"column":50},"end":{"line":364,"column":53}},{"start":{"line":364,"column":57},"end":{"line":364,"column":71}}]},"34":{"line":396,"type":"if","locations":[{"start":{"line":396,"column":4},"end":{"line":396,"column":4}},{"start":{"line":396,"column":4},"end":{"line":396,"column":4}}]},"35":{"line":406,"type":"if","locations":[{"start":{"line":406,"column":6},"end":{"line":406,"column":6}},{"start":{"line":406,"column":6},"end":{"line":406,"column":6}}]},"36":{"line":406,"type":"binary-expr","locations":[{"start":{"line":406,"column":10},"end":{"line":406,"column":13}},{"start":{"line":406,"column":17},"end":{"line":406,"column":39}}]},"37":{"line":412,"type":"if","locations":[{"start":{"line":412,"column":6},"end":{"line":412,"column":6}},{"start":{"line":412,"column":6},"end":{"line":412,"column":6}}]},"38":{"line":412,"type":"binary-expr","locations":[{"start":{"line":412,"column":10},"end":{"line":412,"column":14}},{"start":{"line":412,"column":18},"end":{"line":412,"column":21}},{"start":{"line":412,"column":25},"end":{"line":412,"column":47}}]},"39":{"line":413,"type":"binary-expr","locations":[{"start":{"line":413,"column":65},"end":{"line":413,"column":68}},{"start":{"line":413,"column":72},"end":{"line":413,"column":86}}]},"40":{"line":417,"type":"if","locations":[{"start":{"line":417,"column":6},"end":{"line":417,"column":6}},{"start":{"line":417,"column":6},"end":{"line":417,"column":6}}]},"41":{"line":427,"type":"if","locations":[{"start":{"line":427,"column":8},"end":{"line":427,"column":8}},{"start":{"line":427,"column":8},"end":{"line":427,"column":8}}]},"42":{"line":437,"type":"if","locations":[{"start":{"line":437,"column":8},"end":{"line":437,"column":8}},{"start":{"line":437,"column":8},"end":{"line":437,"column":8}}]},"43":{"line":445,"type":"if","locations":[{"start":{"line":445,"column":10},"end":{"line":445,"column":10}},{"start":{"line":445,"column":10},"end":{"line":445,"column":10}}]},"44":{"line":450,"type":"binary-expr","locations":[{"start":{"line":450,"column":32},"end":{"line":450,"column":60}},{"start":{"line":450,"column":64},"end":{"line":450,"column":67}}]},"45":{"line":451,"type":"binary-expr","locations":[{"start":{"line":451,"column":31},"end":{"line":451,"column":42}},{"start":{"line":451,"column":46},"end":{"line":451,"column":49}}]},"46":{"line":453,"type":"if","locations":[{"start":{"line":453,"column":10},"end":{"line":453,"column":10}},{"start":{"line":453,"column":10},"end":{"line":453,"column":10}}]}},"code":["/*jshint esnext:true*/","/*globals module:true, require:true, process:true*/","","/**"," * Module dependencies."," */","","// Core.","var util = require('util');","var crypto = require('crypto');","var fs = require('fs');","var path = require('path');","var url = require('url');","var zlib = require('zlib');","","// Npm.","var knox = require('knox');","var mime = require('mime');","var deferred = require('underscore.deferred');","var Tempfile = require('temporary/lib/file');","","// Local","var common = require('./common');","","// Avoid warnings.","var existsSync = ('existsSync' in fs) ? fs.existsSync : path.existsSync;","","/**"," * Success/error messages."," */","var MSG_UPLOAD_SUCCESS = '↗'.blue + ' Uploaded: %s (%s)';","var MSG_DOWNLOAD_SUCCESS = '↙'.yellow + ' Downloaded: %s (%s)';","var MSG_DELETE_SUCCESS = '✗'.red + ' Deleted: %s';","var MSG_COPY_SUCCESS = '→'.cyan + ' Copied: %s to %s';","var MSG_SKIP_SUCCESS = '→'.cyan + ' File Exists, skipped: %
[...]
ex');","","        if (remoteHash === localHash) {","          // the file exists and is the same so do nothing with that","          return dfd.resolve(util.format(MSG_SKIP_MATCHES, prettySrc));","        }","","        fs.stat( src, function(err, stats) {","          var remoteWhen, localWhen, upload;","","          if (err) {","            return dfd.reject(makeError(MSG_ERR_UPLOAD, prettySrc, err));","          }","","          // which one is newer? if local is newer, we should upload it","          remoteWhen = new Date(res.headers['last-modified'] || \"0\"); // earliest date possible if no header is returned","          localWhen = new Date(stats.mtime || \"1\"); // make second earliest date possible if mtime isn't set","","          if ( localWhen <= remoteWhen ) {","            // Remote file was older","            return dfd.resolve(util.format(MSG_SKIP_OLDER, prettySrc));","          }","","          // default is that local is newer, only upload when it is","          upload = exports.upload( src, dest, opts);","          // pass through the dfd state","          upload.then( dfd.resolve, dfd.reject );","        });","      });","    }).end();","","    return dfd.promise();","  };","","  return exports;","};",""],"l":{"9":1,"10":1,"11":1,"12":1,"13":1,"14":1,"17":1,"18":1,"19":1,"20":1,"23":1,"26":1,"31":1,"32":1,"33":1,"34":1,"35":1,"36":1,"37":1,"39":1,"40":1,"41":1,"42":1,"43":1,"45":1,"46":1,"47":1,"48":1,"49":1,"50":1,"52":1,"53":0,"54":0,"56":0,"58":0,"68":0,"69":0,"70":0,"73":0,"74":0,"76":0,"85":0,"86":0,"103":0,"104":0,"105":0,"106":0,"109":0,"110":0,"113":0,"115":0,"116":0,"120":0,"122":0,"123":0,"128":0,"129":0,"132":0,"135":0,"136":0,"140":0,"141":0,"142":0,"147":0,"150":0,"152":0,"153":0,"154":0,"157":0,"162":0,"167":0,"168":0,"169":0,"174":0,"175":0,"176":0,"178":0,"179":0,"180":0,"183":0,"184":0,"185":0,"188":0,"190":0,"194":0,"195":0,"196":0,"198":0,"200":0,"201":0,"204":0,"211":0,"212":0,"213":0,"216":0,"221":0,"236":0,"237":0,"238":0,"241":0,"243":0,"244":0,"248":0,"251":0,"254":0,"255":0,"258":0,"260":0,"263":0,"266":0,"269":0,"270":0,"271":0,"276":0,"279":0,"281":0,"282":0,"283":0,"286":0,"293":0,"306":0,"307":0,"308":0,"311":0,"313":0,"314":0,"317":0,"322":0,"323":0,"324":0,"328":0,"330":0,"331":0,"332":0,"335":0,"339":0,"350":0,"351":0,"352":0,"355":0,"357":0,"358":0,"362":0,"363":0,"364":0,"367":0,"371":0,"388":0,"389":0,"390":0,"391":0,"394":0,"396":0,"397":0,"402":0,"403":0,"406":0,"407":0,"409":0,"412":0,"413":0,"417":0,"419":0,"424":0,"425":0,"427":0,"428":0,"432":0,"435":0,"437":0,"439":0,"442":0,"443":0,"445":0,"446":0,"450":0,"451":0,"453":0,"455":0,"459":0,"461":0,"466":0,"469":0}},"/home/travis/build/npmtest/node-npmtest-grunt-s3/node_modules/grunt-s3/tasks/lib/common.js":{"path":"/home/travis/build/npmtest/node-npmtest-grunt-s3/node_modules/grunt-s3/tasks/lib/common.js","s":{"1":1,"2":1,"3":1,"4":0},"b":{},"f":{"1":0},"fnMap":{"1":{"name":"(anonymous_1)","line":10,"loc":{"start":{"line":10,"column":19},"end":{"line":10,"column":34}}}},"statementMap":{"1":{"start":{"line":2,"column":0},"end":{"line":2,"column":31}},"2":{"start":{"line":3,"column":0},"end":{"line":3,"column":23}},"3":{"start":{"line":10,"column":0},"end":{"line":12,"column":2}},"4":{"start":{"line":11,"column":2},"end":{"line":11,"column":78}}},"branchMap":{},"code":["","var crypto = require('crypto');","var fs = require('fs');","","/**"," * Get the md5 hash of a file."," * @param  {String} path Path to file."," * @return {String} md5 of file in hex format."," */","exports.hashFile = function(path) {","  return crypto.createHash('md5').update(fs.readFileSync(path)).digest('hex');","};"],"l":{"2":1,"3":1,"10":1,"11":0}},"/home/travis/build/npmtest/node-npmtest-grunt-s3/node_modules/grunt-s3/Gruntfile.js":{"path":"/home/travis/build/npmtest/node-npmtest-grunt-s3/node_modules/grunt-s3/Gruntfile.js","s":{"1":1,"2":1,"3":0,"4":0,"5":0,"6":0,"7":0,"8":0},"b":{},"f":{"1":0},"fnMap":{"1":{"name":"(anonymous_1)","line":3,"loc":{"start":{"line":3,"column":17},"end":{"line":3,"column":34}}}},"statementMap":{"1":{"start":{"line":1,"column":0},"end":{"line":1,"column":27}},"2":{"start":{"line":3,"column":0},"end":{"line":49,"column":2}},"3":{"start":{"line":5,"column":2},"end":{"line":40,"column":5}},"4":{"start":{"line":42,"column":2},"end":{"line":42,"column":45}},"5":{"start":{"line":43,"column":2},"end":{"line":43,"column":47}},"6":{"start":{"line":44,"column":2},"end":{"line":44,"column":44}},"7":{"start":{"line":46,"column":2},"end":{"line":46,"column":62}},"8":{"start":{"line":48,"column":2},"end":{"line":48,"column":40}}},"branchMap":{},"code":["var path = require('path');","","module.exports = function (grunt) {","","  grunt.initConfig({","    jshint: ['tasks/**/*.js'],","    nodeunit: {","      all: ['test/upload.js', 'test/download.js', 'test/delete.js', 'test/s3Task.js', 'test/sync.js']","    },","    clean: [ 's3/'],","    s3: {","      options: {","        key: 'abc',","        secret: 'def',","        bucket: 'test',","        endpoint: '127.0.0.1',","        port: 1337,","        secure: false,","        access: 'public-read',","        style: 'path'","      },","      test: {","        options: {}","      },","      test_options: {","        options: {","          key: 'custom'","        }","      },","      test_S3Task: {","        upload: [{","          src: path.join(process.cwd(), 'test', 'files', '**', '*.txt'),","          rel: path.join(process.cwd(), 'test', 'files'),","          options: {","            bucket: 'overridden'","          }","        }]","      }","    }","  });","","  grunt.loadNpmTasks('grunt-contrib-jshint');","  grunt.loadNpmTasks('grunt-contrib-nodeunit');","  grunt.loadNpmTasks('grunt-contrib-clean');","","  grunt.registerTask('test', ['clean', 'jshint', 'nodeunit']);","","  grunt.loadTasks(__dirname + '/tasks');","};",""],"l":{"1":1,"3":1,"5":0,"42":0,"43":0,"44":0,"46":0,"48":0}},"/home/travis/build/npmtest/node-npmtest-grunt-s3/node_modules/grunt-s3/tasks/lib/S3Task.js":{"path":"/home/travis/build/npmtest/node-npmtest-grunt-s3/node_modules/grunt-s3/tasks/lib/S3Task.js","s":{"1":1,"2":1,"3":1,"4":1,"5":1,"6":0,"7":0,"8":1,"9":0,"10":0,"11":0,"12":0,"13":0,"14":0,"15":0,"16":0,"17":0,"18":0,"19":0,"20":0,"21":0,"22":0,"23":0,"24":0,"25":0,"26":0,"27":0,"28":0,"29":0,"30":0,"31":0,"32":0,"33":0,"34":0,"35":0,"36":0,"37":0,"38":0,"39":0,"40":0,"41":0,"42":0,"43":0,"44":0,"45":0,"46":0,"47":0,"48":0,"49":0,"50":0,"51":0,"52":0,"53":0,"54":0,"55":0,"56":0,"57":0,"58":0,"59":0,"60":0,"61":0,"62":0,"63":0,"64":0,"65":1},"b":{"1":[0,0],"2":[0,0],"3":[0,0],"4":[0,0],"5":[0,0],"6":[0,0],"7":[0,0],"8":[0,0],"9":[0,0],"10":[0,0]},"f":{"1":0,"2":0,"3":0,"4":0,"5":0,"6":0,"7":0,"8":0,"9":0,"10":0,"11":0,"12":0,"13":0,"14":0,"15":0,"16":0},"fnMap":{"1":{"name":"(anonymous_1)","line":7,"loc":{"start":{"line":7,"column":13},"end":{"line":7,"column":37}}},"2":{"name":"(anonymous_2)","line":13,"loc":{"start":{"line":13,"column":7},"end":{"line":13,"column":19}}},"3":{"name":"(anonymous_3)","line":25,"loc":{"start":{"line":25,"column":26},"end":{"line":25,"column":44}}},"4":{"name":"(anonymous_4)","line":28,"loc":{"start":{"line":28,"column":26},"end":{"line":28,"column":48}}},"5":{"name":"(anonymous_5)","line":33,"loc":{"start":{"line":33,"column":24},"end":{"line":33,"column":40}}},"6":{"name":"(anonymous_6)","line":36,"loc":{"start":{"line":36,"column":24},"end":{"line":36,"column":44}}},"7":{"name":"(anonymous_7)","line":41,"loc":{"start":{"line":41,"column":28},"end":{"line":41,"column":48}}},"8":{"name":"(anonymous_8)","line":45,"loc":{"start":{"line":45,"column":23},"end":{"line":45,"column":38}}},"9":{"name":"(anonymous_9)","line":49,"loc":{"start":{"line":49,"column":24},"end":{"line":49,"column":40}}},"10":{"name":"(anonymous_10)","line":60,"loc":{"start":{"line":60,"column":17},"end":{"line":60,"column":49}}},"11":{"name":"(anonymous_11)","line":63,"loc":{"start":{"line":63,"column":20},"end":{"line":63,"column":35}}},"12":{"name":"(anonymous_12)","line":68,"loc":{"start":{"line":68,"column":20},"end":{"line":68,"column":35}}},"13":{"name":"(anonymous_13)","line":74,"loc":{"start":{"line":74,"column":7},"end":{"line":74,"column":19}}},"14":{"name":"(anonymous_14)","line":79,"loc":{"start":{"line":79,"column":21},"end":{"line":79,"column":47}}},"15":{"name":"(anonymous_15)","line":84,"loc":{"start":{"line":84,"column":24},"end":{"line":84,"column":40}}},"16":{"name":"(anonymous_16)","line":130,"loc":{"start":{"line":130,"column":13},"end":{"line":130,"column":44}}}},"statementMap":{"1":{"start":{"line":1,"column":0},"end":{"line":1,"column":27}},"2":{"start":{"line":3,"column":0},"end":{"line":3,"column":29}},"3":{"start":{"line":4,"column":0},"end":{"line":4,"column":21}},"4":{"start":{"line":5,"column":0},"end":{"line":5,"column":29}},"5":{"start":{"line":7,"column":0},"end":{"line":10,"column":2}},"6":{"start":{"line":8,"column":2},"end":{"line":8,"column":28}},"7":{"start":{"line":9,"column":2},"end":{"line":9,"column":15}},"8":{"start":{"line":12,"column":0},"end":{"line":156,"column":2}},"9":{"start":{"line":14,"column":4},"end":{"line":14,"column":20}},"10":{"start":{"line":15,"column":4},"end":{"line":15,"column":21}},"11":{"start":{"line":16,"column":4},"end":{"line":16,"column":38}},"12":{"start":{"line":17,"column":4},"end":{"line":17,"column":34}},"13":{"start":{"line":18,"column":4},"end":{"line":18,"column":23}},"14":{"start":{"line":20,"column":4},"end":{"line":23,"column":5}},"15":{"start":{"line":21,"column":6},"end":{"line":21,"column":83}},"16":{"start":{"line":22,"column":6},"end":{"line":22,"column":26}},"17":{"start":{"line":25,"column":4},"end":{"line":31,"column":7}},"18":{"start":{"line":26,"column":6},"end":{"line":26,"column":63}},"19":{"start":{"line":28,"column":6},"end":{"line":30,"column":9}},"20":{"start":{"line":29,"column":8},"end":{"line":29,"column":96}},"21":{"start":{"line":33,"column":4},"end":{"line":39,"column":7}},"22":{"start":{"line":34,"column":6},"end":{"line":34,"column":59}},"23":{"start":{"line":36,"column":6},"end":{"line":38,"column":9}},"24":{"start":{"line":37,"column":8},"end":{"line":37,"column":88}},"25":{"start":{"line":41,"column":4},"end":{"line":43,"column":7}},"26":{"start":{"line":42,"column":6},"end":{"line":42,"column":102}},"27":{"start":{"line":45,"column":4},"end":{"line":47,"column":7}},"28":{"start":{"line":46,"column":6},"end":{"line":46,"column":72}},"29":{"start":{"line":49,"column":4},"end":{"line":51,"column":7}},"30":{"start":{"line":50,"column":6},"end":{"line":50,"column":86}},"31":{"start":{"line":53,"column":4},"end":{"line":53,"column":33}},"32":{"start":{"line":54,"column":4},"end":{"line":54,"column":19}},"33":{"start":{"line":56,"column":4},"end":{"line":58,"column":42}},"34":{"start":{"line":60,"column":4},"end":{"line":76,"column":7}},"35":{"start":{"line":61,"column":6},"end":{"line":61,"column":34}},"36":{"start":{"line":63,"column":6},"end":{"line":66,"column":9}},"37":{"start":{"line":64,"column":8},"end":{"line":64,"column":26}},"38":{"start":{"line":65,"column":8},"end":{"line":65,"column":20}},"39":{"start":{"line":68,"column":6},"end":{"line":72,"column":9}},"40":{"start":{"line":69,"column":8},"end":{"line":69,"column":29}},"41":{"start":{"line":70,"column":8},"end":{"line":70,"column":17}},"42":{"start":{"line":71,"column":8},"end":{"line":71,"column":20}},"43":{"start":{"line":75,"column":6},"end":{"line":75,"column":20}},"44":{"start":{"line":81,"column":4},"end":{"line":81,"column":68}},"45":{"start":{"line":82,"column":4},"end":{"line":82,"column":61}},"46":{"start":{"line":84,"column":4},"end":{"line":118,"column":7}},"47":{"start":{"line":85,"column":6},"end":{"line":85,"column":32}},"48":{"start":{"line":86,"column":6},"end":{"line":86,"column":68}},"49":{"start":{"line":89,"column":6},"end":{"line":89,"column":66}},"50":{"start":{"line":94,"column":6},"end":{"line":94,"column":15}},"51":{"start":{"line":95,"column":6},"end":{"line":105,"column":7}},"52":{"start":{"line":96,"column":8},"end":{"line":96,"column":24}},"53":{"start":{"line":99,"column":8},"end":{"line":104,"column":9}},"54":{"start":{"line":100,"column":10},"end":{"line":100,"column":119}},"55":{"start":{"line":103,"column":10},"end":{"line":103,"column":58}},"56":{"start":{"line":107,"column":6},"end":{"line":109,"column":7}},"57":{"start":{"line":108,"column":8},"end":{"line":108,"column":40}},"58":{"start":{"line":111,"column":6},"end":{"line":111,"column":38}},"59":{"start":{"line":113,"column":6},"end":{"line":117,"column":8}},"60":{"start":{"line":132,"column":4},"end":{"line":132,"column":54}},"61":{"start":{"line":134,"column":4},"end":{"line":141,"column":6}},"62":{"start":{"line":144,"column":4},"end":{"line":144,"column":53}},"63":{"start":{"line":145,"column":4},"end":{"line":151,"column":6}},"64":{"start":{"line":154,"column":4},"end":{"line":154,"column":76}},"65":{"start":{"line":158,"column":0},"end":{"line":158,"column":24}}},"branchMap":{"1":{"line":20,"type":"if","locations":[{"start":{"line":20,"column":4},"end":{"line":20,"column":4}},{"start":{"line":20,"column":4},"end":{"line":20,"column":4}}]},"2":{"line":56,"type":"cond-expr","locations":[{"start":{"line":57,"column":6},"end":{"line":57,"column":67}},{"start":{"line":58,"column":6},"end":{"line":58,"column":41}}]},"3":{"line":82,"type":"binary-expr","locations":[{"start":{"line":82,"column":42},"end":{"line":82,"column":53}},{"start":{"line":82,"column":57},"end":{"line":82,"column":59}}]},"4":{"line":89,"type":"binary-expr","locations":[{"start":{"line":89,"column":44},"end":{"line":89,"column":58}},{"start":{"line":89,"column":62},"end":{"line":89,"column":64}}]},"5":{"line":95,"type":"if","locations":[{"start":{"line":95,"column":6},"end":{"line":95,"column":6}},{"start":{"line":95,"column":6},"end":{"line":95,"column":6}}]},"6":{"line":95,"type":"binary-expr","locations":[{"start":{"line":95,"column":10},"end":{"line":95,"column":28}},{"start":{"line":95,"column":32},"end":{"line":95,"column":51}}]},"7":{"line":99,"type":"if","locations":[{"start":{"line":99,"column":8},"end":{"line":99,"column":8}},{"start":{"line":99,"column":8},"end":{"line":99,"column":8}}]},"8":{"line":107,"type":"if","locations":[{"start":{"line":107,"column":6},"end":{"line":107,"column":6}},{"start":{"line":107,"column":6},"end":{"line":107,"column":6}}]},"9":{"line":132,"type":"binary-expr","locations":[{"start":{"line":132,"column":15},"end":{"line":132,"column":25}},{"start":{"line":132,"column":29},"end":{"line":132,"column":53}}]},"10":{"line":144,"type":"binary-expr","locations":[{"start":{"line":144,"column":22},"end":{"line":144,"column":29}},{"start":{"line":144,"column":33},"end":{"line":144,"column":52}}]}},"code":["var path = require('path');","","var grunt = require('grunt');","var _ = grunt.util._;","var async = grunt.util.async;","","var S3Task = function (origTask, s3) {","  this._origTask = origTask;","  this.s3 = s3;","};","","S3Task.prototype = {","  run: function () {","    var self = this;","    var s3 = this.s3;","    var done = this._origTask.async();","    var config = this.getConfig();","    var transfers = [];","","    if (config.debug) {","      grunt.log.writeln('Running in debug mode, no transfers will be made'.yellow);","      grunt.log.writeln();","    }","","    config.upload.forEach(function (upload) {","      var uploadFiles = self._parseUploadFiles(upload, config);","","      uploadFiles.forEach(function (uploadFile) {","        transfers.push(s3.upload.bind(s3, uploadFile.file, uploadFile.dest, uploadFile.upload));","      });","    });","","    config.sync.forEach(function (sync) {","      var syncFiles = self._parseUploadFiles(sync, config);","","      syncFiles.forEach(function (syncFile) {","        transfers.push(s3.sync.bind(s3, syncFile.file, syncFile.dest, syncFile.upload));","      });","    });","","    config.download.forEach(function (download) {","      transfers.push(s3.download.bind(s3, download.src, download.dest, _(download).defaults(config)));","    });","","    config.del.forEach(function (del) {","      transfers.push(s3.del.bind(s3, del.src, _(del).defaults(config)));","    });","","    config.copy.forEach(function (copy) {","      transfers.push(s3.copy.bind(s3, copy.src, copy.dest, _(copy).defaults(config)));","    });","","    var total = transfers.length;","    var errors = 0;","","    var eachTransfer = config.maxOperations > 0 ?","      async.forEachLimit.bind(async,transfers,config.maxOperations) :","      async.forEach.bind(async,transfers);","","    eachTransfer(function (transferFn, completed){","      var transfer = transferFn();","","      transfer.done(function (msg) {","        grunt.log.ok(msg);","        completed();","      });","","      transfer.fail(function (msg) {","        grunt.log.error(msg);","        ++errors;","        completed();","      });","","    }, function () {","      done(!errors);","    });","  },","","  _parseUploadFiles: function (upload, config) {","    // Expand list of files to upload.","    var files = grunt.file.expand({ filter: 'isFile' }, upload.src);","    var destPath = grunt.template.process(upload.dest || '');","","    return _.map(files, function (file) {","      file = path.resolve(file);","      upload.src = path.resolve(grunt.template.process(upload.src));","","      // Put the key, secret and bucket information into the upload for knox.","      var fileConfig = _.extend({}, config, upload.options || {});","","      // If there is only 1 file and it matches the original file wildcard,","      // we know this is a single file transfer. Otherwise, we need to build","      // the destination.","      var dest;","      if (files.length === 1 && file === upload.src) {","        dest = destPath;","      }","      else {","        if (upload.rel) {","          dest = path.join(destPath, path.relative(grunt.file.expand({ filter: \"isDirectory\" }, upload.rel)[0], file));","        }","        else {","          dest = path.join(destPath, path.basename(file));","        }","      }","","      if (config.encodePaths === true) {","        dest = encodeURIComponent(dest);","      }","","      dest = dest.replace(/\\\\/g, '/');","","      return {","        file: file,","        dest: dest,","        upload: fileConfig","      };","    });","  },","","  /**","   * Return the config, allow for arbitrary options that don't originate","   * from grunt.","   *","   * @param  {Object=} optOptions optionally define an options object.","   * @param  {Object=} optData optionally define file actions,","   *   will ignore defaults.","   * @return {Object} A normalized configuration.","   */","  getConfig: function (optOptions, optData) {","    // Grab the options for this task.","    var opts = optOptions || this._origTask.options();","","    var defaultOpts = {","      key: process.env.AWS_ACCESS_KEY_ID,","      secret: process.env.AWS_SECRET_ACCESS_KEY,","      debug: false,","      verify: false,","      maxOperations: 0,","      encodePaths: false","    };","","    // Grab the actions to perform from the task data, default to empty arrays","    var fileActions = optData || this._origTask.data;","    var defaultFileActions = {","      upload: [],","      download: [],","      del: [],","      copy: [],","      sync: []","    };","","    // Combine the options and fileActions as the config","    return _.extend({}, defaultOpts, defaultFileActions, opts, fileActions);","  }","};","","module.exports = S3Task;",""],"l":{"1":1,"3":1,"4":1,"5":1,"7":1,"8":0,"9":0,"12":1,"14":0,"15":0,"16":0,"17":0,"18":0,"20":0,"21":0,"22":0,"25":0,"26":0,"28":0,"29":0,"33":0,"34":0,"36":0,"37":0,"41":0,"42":0,"45":0,"46":0,"49":0,"50":0,"53":0,"54":0,"56":0,"60":0,"61":0,"63":0,"64":0,"65":0,"68":0,"69":0,"70":0,"71":0,"75":0,"81":0,"82":0,"84":0,"85":0,"86":0,"89":0,"94":0,"95":0,"96":0,"99":0,"100":0,"103":0,"107":0,"108":0,"111":0,"113":0,"132":0,"134":0,"144":0,"145":0,"154":0,"158":1}}}